ARM GAS  C:\Users\daani\AppData\Local\Temp\cc8KOQYo.s 			page 1


   1              		.syntax unified
   2              		.cpu cortex-m3
   3              		.fpu softvfp
   4              		.eabi_attribute 20, 1
   5              		.eabi_attribute 21, 1
   6              		.eabi_attribute 23, 3
   7              		.eabi_attribute 24, 1
   8              		.eabi_attribute 25, 1
   9              		.eabi_attribute 26, 1
  10              		.eabi_attribute 30, 1
  11              		.eabi_attribute 34, 1
  12              		.eabi_attribute 18, 4
  13              		.thumb
  14              		.syntax unified
  15              		.file	"main.c"
  16              		.text
  17              	.Ltext0:
  18              		.cfi_sections	.debug_frame
  19              		.section	.text.main,"ax",%progbits
  20              		.align	2
  21              		.global	main
  22              		.thumb
  23              		.thumb_func
  24              		.type	main, %function
  25              	main:
  26              	.LFB64:
  27              		.file 1 "main.c"
   1:main.c        **** 
   2:main.c        **** /* ========================================
   3:main.c        ****  *
   4:main.c        ****  * Copyright YOUR COMPANY, THE YEAR
   5:main.c        ****  * All Rights Reserved
   6:main.c        ****  * UNPUBLISHED, LICENSED SOFTWARE.
   7:main.c        ****  *
   8:main.c        ****  * CONFIDENTIAL AND PROPRIETARY INFORMATION
   9:main.c        ****  * WHICH IS THE PROPERTY OF your company.
  10:main.c        ****  *
  11:main.c        ****  * ========================================
  12:main.c        **** */
  13:main.c        **** 
  14:main.c        **** // For 50 cm, PWM 20 for Left, 18 for Right, we get LeftCount = 16991, RightCount = 18447. Implies 
  15:main.c        **** // To turn left, set direction as 1 in Turn() function. To turn right, set direction as 0 in Turn()
  16:main.c        **** // 
  17:main.c        **** #include "project.h"
  18:main.c        **** #include "stdio.h"
  19:main.c        **** #include "math.h"
  20:main.c        **** #include "time.h"
  21:main.c        **** #include "colour.h"
  22:main.c        **** #include "stdlib.h"
  23:main.c        **** #include "wheels.h"
  24:main.c        **** #include "ultrasonics.h"
  25:main.c        **** #include "servos_stepper.h"
  26:main.c        **** 
  27:main.c        **** 
  28:main.c        **** 
  29:main.c        **** // Function Prototypes
  30:main.c        **** int * Read_Order();
ARM GAS  C:\Users\daani\AppData\Local\Temp\cc8KOQYo.s 			page 2


  31:main.c        **** int Move_to_Pucks(int obstacle_location);
  32:main.c        **** int Line_Up_Puck(int colour);
  33:main.c        **** void Pick_Up_Puck();
  34:main.c        **** void Backtrack(int obstacle_location);
  35:main.c        **** void Stack();
  36:main.c        **** 
  37:main.c        **** // Defining Variables
  38:main.c        **** char string[100];
  39:main.c        **** int i = 0;
  40:main.c        **** int flag = 1;
  41:main.c        **** int obstacle_location; // 0 for left or centre, 1 for right
  42:main.c        **** int pucks_stacked = 0;
  43:main.c        **** int given_pattern[5];
  44:main.c        **** int * pattern_pointer;
  45:main.c        **** int32 LeftCount = 0;
  46:main.c        **** int32 RightCount = 0;
  47:main.c        **** int ratio;
  48:main.c        **** int orientation;
  49:main.c        **** int location[2];
  50:main.c        **** 
  51:main.c        **** time_t t;
  52:main.c        **** //srand((unsigned) time(&t)); // Initialize random number generator
  53:main.c        ****     
  54:main.c        **** 
  55:main.c        **** // Declare Ultrasonic Interrupts
  56:main.c        **** 
  57:main.c        **** int main(void)
  58:main.c        **** {
  28              		.loc 1 58 0
  29              		.cfi_startproc
  30              		@ args = 0, pretend = 0, frame = 0
  31              		@ frame_needed = 0, uses_anonymous_args = 0
  32 0000 08B5     		push	{r3, lr}
  33              		.cfi_def_cfa_offset 8
  34              		.cfi_offset 3, -8
  35              		.cfi_offset 14, -4
  59:main.c        ****     CyGlobalIntEnable; /* Enable global interrupts. */
  36              		.loc 1 59 0
  37              		.syntax unified
  38              	@ 59 "main.c" 1
  39 0002 62B6     		CPSIE   i
  40              	@ 0 "" 2
  60:main.c        ****     
  61:main.c        ****    
  62:main.c        ****     /* Place your initialization/startup code here (e.g. MyInst_Start()) */
  63:main.c        ****     Clock_1_Start();
  41              		.loc 1 63 0
  42              		.thumb
  43              		.syntax unified
  44 0004 FFF7FEFF 		bl	Clock_1_Start
  45              	.LVL0:
  64:main.c        **** //        QuadDec_Left_Start();
  65:main.c        **** //        QuadDec_Right_Start();        
  66:main.c        ****     UART_Start(); 
  46              		.loc 1 66 0
  47 0008 FFF7FEFF 		bl	UART_Start
  48              	.LVL1:
ARM GAS  C:\Users\daani\AppData\Local\Temp\cc8KOQYo.s 			page 3


  67:main.c        ****     
  68:main.c        **** //        IDAC8_Start();
  69:main.c        **** //        ADC_Start(); 
  70:main.c        **** //        TIA_Start();
  71:main.c        **** //        IDAC8_Sleep();
  72:main.c        **** //		Clock_PWM_Start();
  73:main.c        **** //        PWM_Grip_Start();
  74:main.c        **** //        PWM_Lift_Start();
  75:main.c        **** //		
  76:main.c        **** //		// Initialise all interrupts 
  77:main.c        **** //		isr_F1_StartEx(TimerF1_ISR_Handler);
  78:main.c        **** //		isr_F2_StartEx(TimerF2_ISR_Handler);
  79:main.c        **** //		isr_L_StartEx(TimerL_ISR_Handler);
  80:main.c        **** //		isr_R_StartEx(TimerR_ISR_Handler);
  81:main.c        **** //
  82:main.c        **** //		// Start all timers
  83:main.c        **** //		Timer_ULTRASONIC_F1_Start();
  84:main.c        **** //		Timer_ULTRASONIC_F2_Start();
  85:main.c        **** //		Timer_ULTRASONIC_L_Start();
  86:main.c        **** //		Timer_ULTRASONIC_R_Start();
  87:main.c        **** //      zero stepper
  88:main.c        **** //    // Obstacle location defined using switch
  89:main.c        **** //    
  90:main.c        **** //    while (pucks_stacked < 5) {
  91:main.c        **** //        // Initialise stepper
  92:main.c        **** //        Move_to_Pucks(obstacle_location);
  93:main.c        **** //        Line_Up_Puck(given_pattern[pucks_stacked]);
  94:main.c        **** //        Pick_Up_Puck();
  95:main.c        **** //        Backtrack(obstacle_location);
  96:main.c        **** //        Stack();
  97:main.c        **** //        pucks_stacked++;
  98:main.c        **** //        Backtrack(obstacle_location);
  99:main.c        **** //        
 100:main.c        **** //    }
 101:main.c        ****     
 102:main.c        **** }
  49              		.loc 1 102 0
  50 000c 0020     		movs	r0, #0
  51 000e 08BD     		pop	{r3, pc}
  52              		.cfi_endproc
  53              	.LFE64:
  54              		.size	main, .-main
  55              		.section	.text.Read_Order,"ax",%progbits
  56              		.align	2
  57              		.global	Read_Order
  58              		.thumb
  59              		.thumb_func
  60              		.type	Read_Order, %function
  61              	Read_Order:
  62              	.LFB65:
 103:main.c        **** 
 104:main.c        **** int * Read_Order() {
  63              		.loc 1 104 0
  64              		.cfi_startproc
  65              		@ args = 0, pretend = 0, frame = 0
  66              		@ frame_needed = 0, uses_anonymous_args = 0
  67 0000 10B5     		push	{r4, lr}
ARM GAS  C:\Users\daani\AppData\Local\Temp\cc8KOQYo.s 			page 4


  68              		.cfi_def_cfa_offset 8
  69              		.cfi_offset 4, -8
  70              		.cfi_offset 14, -4
  71              	.LVL2:
 105:main.c        ****     
 106:main.c        ****     int pucks_read = 0;
 107:main.c        ****     int pattern[5];
 108:main.c        ****     
 109:main.c        ****     
 110:main.c        ****     MoveStraight(40, 3.2, 1);
  72              		.loc 1 110 0
  73 0002 0122     		movs	r2, #1
  74 0004 0849     		ldr	r1, .L7
  75 0006 0948     		ldr	r0, .L7+4
  76 0008 FFF7FEFF 		bl	MoveStraight
  77              	.LVL3:
 106:main.c        ****     int pattern[5];
  78              		.loc 1 106 0
  79 000c 0024     		movs	r4, #0
 111:main.c        ****     while (pucks_read < 5) {
  80              		.loc 1 111 0
  81 000e 07E0     		b	.L4
  82              	.LVL4:
  83              	.L5:
 112:main.c        ****         pattern[4-i] = LED();
  84              		.loc 1 112 0
  85 0010 FFF7FEFF 		bl	LED
  86              	.LVL5:
 113:main.c        ****         pucks_read++;
  87              		.loc 1 113 0
  88 0014 0134     		adds	r4, r4, #1
  89              	.LVL6:
 114:main.c        ****         MoveStraight(40, 3.2, 0);
  90              		.loc 1 114 0
  91 0016 0022     		movs	r2, #0
  92 0018 0349     		ldr	r1, .L7
  93 001a 0448     		ldr	r0, .L7+4
  94 001c FFF7FEFF 		bl	MoveStraight
  95              	.LVL7:
  96              	.L4:
 111:main.c        ****         pattern[4-i] = LED();
  97              		.loc 1 111 0
  98 0020 042C     		cmp	r4, #4
  99 0022 F5DD     		ble	.L5
 115:main.c        ****     }
 116:main.c        ****     return pattern;
 117:main.c        **** }
 100              		.loc 1 117 0
 101 0024 0020     		movs	r0, #0
 102 0026 10BD     		pop	{r4, pc}
 103              	.LVL8:
 104              	.L8:
 105              		.align	2
 106              	.L7:
 107 0028 CDCC4C40 		.word	1078774989
 108 002c 00002042 		.word	1109393408
 109              		.cfi_endproc
ARM GAS  C:\Users\daani\AppData\Local\Temp\cc8KOQYo.s 			page 5


 110              	.LFE65:
 111              		.size	Read_Order, .-Read_Order
 112              		.section	.text.Move_to_Pucks,"ax",%progbits
 113              		.align	2
 114              		.global	Move_to_Pucks
 115              		.thumb
 116              		.thumb_func
 117              		.type	Move_to_Pucks, %function
 118              	Move_to_Pucks:
 119              	.LFB66:
 118:main.c        **** 
 119:main.c        **** int Move_to_Pucks(int obstacle_location) {
 120              		.loc 1 119 0
 121              		.cfi_startproc
 122              		@ args = 0, pretend = 0, frame = 0
 123              		@ frame_needed = 0, uses_anonymous_args = 0
 124              	.LVL9:
 120:main.c        ****     
 121:main.c        ****     if (obstacle_location) {
 125              		.loc 1 121 0
 126 0000 B8B1     		cbz	r0, .L12
 119:main.c        ****     
 127              		.loc 1 119 0
 128 0002 10B5     		push	{r4, lr}
 129              		.cfi_def_cfa_offset 8
 130              		.cfi_offset 4, -8
 131              		.cfi_offset 14, -4
 122:main.c        ****         Turn(50, 180, 0);
 132              		.loc 1 122 0
 133 0004 0C4C     		ldr	r4, .L13
 134 0006 0022     		movs	r2, #0
 135 0008 0C49     		ldr	r1, .L13+4
 136 000a 2046     		mov	r0, r4
 137              	.LVL10:
 138 000c FFF7FEFF 		bl	Turn
 139              	.LVL11:
 123:main.c        ****         MoveStraight(50, 50, 0); // Until back wall is reached?
 140              		.loc 1 123 0
 141 0010 0022     		movs	r2, #0
 142 0012 2146     		mov	r1, r4
 143 0014 2046     		mov	r0, r4
 144 0016 FFF7FEFF 		bl	MoveStraight
 145              	.LVL12:
 124:main.c        ****         Turn(50, 90, 1); 
 146              		.loc 1 124 0
 147 001a 0122     		movs	r2, #1
 148 001c 0849     		ldr	r1, .L13+8
 149 001e 2046     		mov	r0, r4
 150 0020 FFF7FEFF 		bl	Turn
 151              	.LVL13:
 125:main.c        ****         // Parallel robot?
 126:main.c        ****         MoveStraight(50, 100, 0); // Move to pucks
 152              		.loc 1 126 0
 153 0024 0022     		movs	r2, #0
 154 0026 0749     		ldr	r1, .L13+12
 155 0028 2046     		mov	r0, r4
 156 002a FFF7FEFF 		bl	MoveStraight
ARM GAS  C:\Users\daani\AppData\Local\Temp\cc8KOQYo.s 			page 6


 157              	.LVL14:
 127:main.c        ****     }
 128:main.c        ****     
 129:main.c        ****     return 0;
 130:main.c        **** }
 158              		.loc 1 130 0
 159 002e 0020     		movs	r0, #0
 160 0030 10BD     		pop	{r4, pc}
 161              	.LVL15:
 162              	.L12:
 163              		.cfi_def_cfa_offset 0
 164              		.cfi_restore 4
 165              		.cfi_restore 14
 166 0032 0020     		movs	r0, #0
 167              	.LVL16:
 168 0034 7047     		bx	lr
 169              	.L14:
 170 0036 00BF     		.align	2
 171              	.L13:
 172 0038 00004842 		.word	1112014848
 173 003c 00003443 		.word	1127481344
 174 0040 0000B442 		.word	1119092736
 175 0044 0000C842 		.word	1120403456
 176              		.cfi_endproc
 177              	.LFE66:
 178              		.size	Move_to_Pucks, .-Move_to_Pucks
 179              		.global	__aeabi_i2d
 180              		.global	__aeabi_dcmplt
 181              		.section	.text.Line_Up_Puck,"ax",%progbits
 182              		.align	2
 183              		.global	Line_Up_Puck
 184              		.thumb
 185              		.thumb_func
 186              		.type	Line_Up_Puck, %function
 187              	Line_Up_Puck:
 188              	.LFB67:
 131:main.c        **** 
 132:main.c        **** int Line_Up_Puck(int colour) {
 189              		.loc 1 132 0
 190              		.cfi_startproc
 191              		@ args = 0, pretend = 0, frame = 0
 192              		@ frame_needed = 0, uses_anonymous_args = 0
 193              	.LVL17:
 194 0000 38B5     		push	{r3, r4, r5, lr}
 195              		.cfi_def_cfa_offset 16
 196              		.cfi_offset 3, -16
 197              		.cfi_offset 4, -12
 198              		.cfi_offset 5, -8
 199              		.cfi_offset 14, -4
 200 0002 0446     		mov	r4, r0
 201              	.LVL18:
 202              	.L21:
 133:main.c        ****     // To be done once robot is in position
 134:main.c        ****     int correct_puck = 0;
 135:main.c        ****     int puck_colour = 0;
 136:main.c        ****     int wall_right = 0;
 137:main.c        ****     
ARM GAS  C:\Users\daani\AppData\Local\Temp\cc8KOQYo.s 			page 7


 138:main.c        ****     while (1) {
 139:main.c        ****         puck_colour = LED();
 203              		.loc 1 139 0
 204 0004 FFF7FEFF 		bl	LED
 205              	.LVL19:
 140:main.c        ****         if (puck_colour == colour) {
 206              		.loc 1 140 0
 207 0008 A042     		cmp	r0, r4
 208 000a 38D0     		beq	.L22
 209              	.LBB2:
 141:main.c        ****             return 1;
 142:main.c        ****         }
 143:main.c        ****         else {
 144:main.c        ****             // Turn a few degrees in either direction
 145:main.c        ****             // Move straight
 146:main.c        ****             // Do ultrasonic shit, if right wall is close then turn left 
 147:main.c        ****             // and if left wall is close turn right
 148:main.c        ****             int wall_proximity;
 149:main.c        ****             int turning_direction;
 150:main.c        ****             MoveStraight(20, 3.5, 1);
 210              		.loc 1 150 0
 211 000c 0122     		movs	r2, #1
 212 000e 1D49     		ldr	r1, .L24
 213 0010 1D48     		ldr	r0, .L24+4
 214              	.LVL20:
 215 0012 FFF7FEFF 		bl	MoveStraight
 216              	.LVL21:
 151:main.c        ****             if (obstacle_location) {
 217              		.loc 1 151 0
 218 0016 1D4B     		ldr	r3, .L24+8
 219 0018 1B68     		ldr	r3, [r3]
 220 001a ABB1     		cbz	r3, .L17
 152:main.c        ****                 UltraSonic_R();
 221              		.loc 1 152 0
 222 001c FFF7FEFF 		bl	UltraSonic_R
 223              	.LVL22:
 153:main.c        ****                 turning_direction = (RightCoord < 4.0);
 224              		.loc 1 153 0
 225 0020 1B4B     		ldr	r3, .L24+12
 226 0022 1868     		ldr	r0, [r3]
 227 0024 FFF7FEFF 		bl	__aeabi_i2d
 228              	.LVL23:
 229 0028 4FF00105 		mov	r5, #1
 230 002c 0022     		movs	r2, #0
 231 002e 194B     		ldr	r3, .L24+16
 232 0030 FFF7FEFF 		bl	__aeabi_dcmplt
 233              	.LVL24:
 234 0034 08B9     		cbnz	r0, .L18
 235 0036 4FF00005 		mov	r5, #0
 236              	.L18:
 237 003a EAB2     		uxtb	r2, r5
 238              	.LVL25:
 154:main.c        ****                 Turn(40, 20, ~turning_direction);
 239              		.loc 1 154 0
 240 003c D243     		mvns	r2, r2
 241              	.LVL26:
 242 003e 1249     		ldr	r1, .L24+4
ARM GAS  C:\Users\daani\AppData\Local\Temp\cc8KOQYo.s 			page 8


 243 0040 1548     		ldr	r0, .L24+20
 244 0042 FFF7FEFF 		bl	Turn
 245              	.LVL27:
 246 0046 14E0     		b	.L19
 247              	.LVL28:
 248              	.L17:
 155:main.c        ****             }
 156:main.c        ****             else {
 157:main.c        ****                 UltraSonic_L();
 249              		.loc 1 157 0
 250 0048 FFF7FEFF 		bl	UltraSonic_L
 251              	.LVL29:
 158:main.c        ****                 turning_direction = (LeftCoord < 4.0);
 252              		.loc 1 158 0
 253 004c 134B     		ldr	r3, .L24+24
 254 004e 1868     		ldr	r0, [r3]
 255 0050 FFF7FEFF 		bl	__aeabi_i2d
 256              	.LVL30:
 257 0054 4FF00105 		mov	r5, #1
 258 0058 0022     		movs	r2, #0
 259 005a 0E4B     		ldr	r3, .L24+16
 260 005c FFF7FEFF 		bl	__aeabi_dcmplt
 261              	.LVL31:
 262 0060 08B9     		cbnz	r0, .L20
 263 0062 4FF00005 		mov	r5, #0
 264              	.L20:
 265              	.LVL32:
 159:main.c        ****                 Turn(40, 20, turning_direction);
 266              		.loc 1 159 0
 267 0066 05F00102 		and	r2, r5, #1
 268 006a 0749     		ldr	r1, .L24+4
 269 006c 0A48     		ldr	r0, .L24+20
 270 006e FFF7FEFF 		bl	Turn
 271              	.LVL33:
 272              	.L19:
 160:main.c        ****             }
 161:main.c        ****             MoveStraight(20, 3.5, 0);
 273              		.loc 1 161 0
 274 0072 0022     		movs	r2, #0
 275 0074 0349     		ldr	r1, .L24
 276 0076 0448     		ldr	r0, .L24+4
 277 0078 FFF7FEFF 		bl	MoveStraight
 278              	.LVL34:
 279              	.LBE2:
 162:main.c        ****             continue;
 163:main.c        ****         }
 164:main.c        ****         
 165:main.c        ****     }
 280              		.loc 1 165 0
 281 007c C2E7     		b	.L21
 282              	.LVL35:
 283              	.L22:
 166:main.c        **** }
 284              		.loc 1 166 0
 285 007e 0120     		movs	r0, #1
 286              	.LVL36:
 287 0080 38BD     		pop	{r3, r4, r5, pc}
ARM GAS  C:\Users\daani\AppData\Local\Temp\cc8KOQYo.s 			page 9


 288              	.LVL37:
 289              	.L25:
 290 0082 00BF     		.align	2
 291              	.L24:
 292 0084 00006040 		.word	1080033280
 293 0088 0000A041 		.word	1101004800
 294 008c 00000000 		.word	obstacle_location
 295 0090 00000000 		.word	RightCoord
 296 0094 00001040 		.word	1074790400
 297 0098 00002042 		.word	1109393408
 298 009c 00000000 		.word	LeftCoord
 299              		.cfi_endproc
 300              	.LFE67:
 301              		.size	Line_Up_Puck, .-Line_Up_Puck
 302              		.section	.text.Pick_Up_Puck,"ax",%progbits
 303              		.align	2
 304              		.global	Pick_Up_Puck
 305              		.thumb
 306              		.thumb_func
 307              		.type	Pick_Up_Puck, %function
 308              	Pick_Up_Puck:
 309              	.LFB68:
 167:main.c        **** 
 168:main.c        **** void Pick_Up_Puck() {
 310              		.loc 1 168 0
 311              		.cfi_startproc
 312              		@ args = 0, pretend = 0, frame = 0
 313              		@ frame_needed = 0, uses_anonymous_args = 0
 314              		@ link register save eliminated.
 315 0000 7047     		bx	lr
 316              		.cfi_endproc
 317              	.LFE68:
 318              		.size	Pick_Up_Puck, .-Pick_Up_Puck
 319 0002 00BF     		.section	.text.Backtrack,"ax",%progbits
 320              		.align	2
 321              		.global	Backtrack
 322              		.thumb
 323              		.thumb_func
 324              		.type	Backtrack, %function
 325              	Backtrack:
 326              	.LFB69:
 169:main.c        ****     // TODO: Implement this. Have the ting close its gripper and then
 170:main.c        ****     // lift it up.
 171:main.c        **** }
 172:main.c        **** 
 173:main.c        **** void Backtrack(int obstacle_location) {
 327              		.loc 1 173 0
 328              		.cfi_startproc
 329              		@ args = 0, pretend = 0, frame = 0
 330              		@ frame_needed = 0, uses_anonymous_args = 0
 331              		@ link register save eliminated.
 332              	.LVL38:
 333 0000 7047     		bx	lr
 334              		.cfi_endproc
 335              	.LFE69:
 336              		.size	Backtrack, .-Backtrack
 337 0002 00BF     		.section	.text.Stack,"ax",%progbits
ARM GAS  C:\Users\daani\AppData\Local\Temp\cc8KOQYo.s 			page 10


 338              		.align	2
 339              		.global	Stack
 340              		.thumb
 341              		.thumb_func
 342              		.type	Stack, %function
 343              	Stack:
 344              	.LFB70:
 174:main.c        ****     if (obstacle_location) {
 175:main.c        ****         // Code for obstacle in centre or right
 176:main.c        ****     }
 177:main.c        ****     else {
 178:main.c        ****         // Code for obstacle on left
 179:main.c        ****     }
 180:main.c        **** }
 181:main.c        **** 
 182:main.c        **** void Stack() {
 345              		.loc 1 182 0
 346              		.cfi_startproc
 347              		@ args = 0, pretend = 0, frame = 0
 348              		@ frame_needed = 0, uses_anonymous_args = 0
 349              		@ link register save eliminated.
 350 0000 7047     		bx	lr
 351              		.cfi_endproc
 352              	.LFE70:
 353              		.size	Stack, .-Stack
 354              		.comm	t,4,4
 355              		.comm	location,8,4
 356              		.comm	orientation,4,4
 357              		.comm	ratio,4,4
 358              		.global	RightCount
 359              		.global	LeftCount
 360              		.comm	pattern_pointer,4,4
 361              		.comm	given_pattern,20,4
 362              		.global	pucks_stacked
 363              		.comm	obstacle_location,4,4
 364              		.global	flag
 365              		.global	i
 366              		.comm	string,100,4
 367 0002 00BF     		.data
 368              		.align	2
 369              		.type	flag, %object
 370              		.size	flag, 4
 371              	flag:
 372 0000 01000000 		.word	1
 373              		.bss
 374              		.align	2
 375              		.type	RightCount, %object
 376              		.size	RightCount, 4
 377              	RightCount:
 378 0000 00000000 		.space	4
 379              		.type	LeftCount, %object
 380              		.size	LeftCount, 4
 381              	LeftCount:
 382 0004 00000000 		.space	4
 383              		.type	pucks_stacked, %object
 384              		.size	pucks_stacked, 4
 385              	pucks_stacked:
ARM GAS  C:\Users\daani\AppData\Local\Temp\cc8KOQYo.s 			page 11


 386 0008 00000000 		.space	4
 387              		.type	i, %object
 388              		.size	i, 4
 389              	i:
 390 000c 00000000 		.space	4
 391              		.text
 392              	.Letext0:
 393              		.file 2 "c:\\program files (x86)\\cypress\\psoc creator\\4.1\\psoc creator\\import\\gnu\\arm\\5.4.
 394              		.file 3 "c:\\program files (x86)\\cypress\\psoc creator\\4.1\\psoc creator\\import\\gnu\\arm\\5.4.
 395              		.file 4 "Generated_Source\\PSoC5/cytypes.h"
 396              		.file 5 "c:\\program files (x86)\\cypress\\psoc creator\\4.1\\psoc creator\\import\\gnu\\arm\\5.4.
 397              		.file 6 "Generated_Source\\PSoC5/core_cm3.h"
 398              		.file 7 "ultrasonics.h"
 399              		.file 8 "Generated_Source\\PSoC5/Clock_1.h"
 400              		.file 9 "Generated_Source\\PSoC5/UART.h"
 401              		.file 10 "wheels.h"
 402              		.file 11 "colour.h"
 403              		.section	.debug_info,"",%progbits
 404              	.Ldebug_info0:
 405 0000 82040000 		.4byte	0x482
 406 0004 0400     		.2byte	0x4
 407 0006 00000000 		.4byte	.Ldebug_abbrev0
 408 000a 04       		.byte	0x4
 409 000b 01       		.uleb128 0x1
 410 000c CA010000 		.4byte	.LASF53
 411 0010 0C       		.byte	0xc
 412 0011 7F020000 		.4byte	.LASF54
 413 0015 28010000 		.4byte	.LASF55
 414 0019 00000000 		.4byte	.Ldebug_ranges0+0
 415 001d 00000000 		.4byte	0
 416 0021 00000000 		.4byte	.Ldebug_line0
 417 0025 02       		.uleb128 0x2
 418 0026 04       		.byte	0x4
 419 0027 04       		.byte	0x4
 420 0028 80000000 		.4byte	.LASF0
 421 002c 02       		.uleb128 0x2
 422 002d 01       		.byte	0x1
 423 002e 06       		.byte	0x6
 424 002f ED020000 		.4byte	.LASF1
 425 0033 02       		.uleb128 0x2
 426 0034 01       		.byte	0x1
 427 0035 08       		.byte	0x8
 428 0036 F7000000 		.4byte	.LASF2
 429 003a 02       		.uleb128 0x2
 430 003b 02       		.byte	0x2
 431 003c 05       		.byte	0x5
 432 003d AF020000 		.4byte	.LASF3
 433 0041 02       		.uleb128 0x2
 434 0042 02       		.byte	0x2
 435 0043 07       		.byte	0x7
 436 0044 06030000 		.4byte	.LASF4
 437 0048 03       		.uleb128 0x3
 438 0049 35000000 		.4byte	.LASF10
 439 004d 02       		.byte	0x2
 440 004e 3F       		.byte	0x3f
 441 004f 53000000 		.4byte	0x53
 442 0053 02       		.uleb128 0x2
ARM GAS  C:\Users\daani\AppData\Local\Temp\cc8KOQYo.s 			page 12


 443 0054 04       		.byte	0x4
 444 0055 05       		.byte	0x5
 445 0056 3F000000 		.4byte	.LASF5
 446 005a 02       		.uleb128 0x2
 447 005b 04       		.byte	0x4
 448 005c 07       		.byte	0x7
 449 005d 10010000 		.4byte	.LASF6
 450 0061 02       		.uleb128 0x2
 451 0062 08       		.byte	0x8
 452 0063 05       		.byte	0x5
 453 0064 71020000 		.4byte	.LASF7
 454 0068 02       		.uleb128 0x2
 455 0069 08       		.byte	0x8
 456 006a 07       		.byte	0x7
 457 006b 98010000 		.4byte	.LASF8
 458 006f 04       		.uleb128 0x4
 459 0070 04       		.byte	0x4
 460 0071 05       		.byte	0x5
 461 0072 696E7400 		.ascii	"int\000"
 462 0076 02       		.uleb128 0x2
 463 0077 04       		.byte	0x4
 464 0078 07       		.byte	0x7
 465 0079 8B010000 		.4byte	.LASF9
 466 007d 03       		.uleb128 0x3
 467 007e 58020000 		.4byte	.LASF11
 468 0082 03       		.byte	0x3
 469 0083 2C       		.byte	0x2c
 470 0084 48000000 		.4byte	0x48
 471 0088 05       		.uleb128 0x5
 472 0089 CD000000 		.4byte	.LASF12
 473 008d 04       		.byte	0x4
 474 008e 9701     		.2byte	0x197
 475 0090 53000000 		.4byte	0x53
 476 0094 02       		.uleb128 0x2
 477 0095 08       		.byte	0x8
 478 0096 04       		.byte	0x4
 479 0097 61000000 		.4byte	.LASF13
 480 009b 02       		.uleb128 0x2
 481 009c 01       		.byte	0x1
 482 009d 08       		.byte	0x8
 483 009e 86020000 		.4byte	.LASF14
 484 00a2 02       		.uleb128 0x2
 485 00a3 08       		.byte	0x8
 486 00a4 04       		.byte	0x4
 487 00a5 D6020000 		.4byte	.LASF15
 488 00a9 02       		.uleb128 0x2
 489 00aa 04       		.byte	0x4
 490 00ab 07       		.byte	0x7
 491 00ac 60020000 		.4byte	.LASF16
 492 00b0 03       		.uleb128 0x3
 493 00b1 AF010000 		.4byte	.LASF17
 494 00b5 05       		.byte	0x5
 495 00b6 28       		.byte	0x28
 496 00b7 53000000 		.4byte	0x53
 497 00bb 06       		.uleb128 0x6
 498 00bc 61010000 		.4byte	.LASF18
 499 00c0 01       		.byte	0x1
ARM GAS  C:\Users\daani\AppData\Local\Temp\cc8KOQYo.s 			page 13


 500 00c1 39       		.byte	0x39
 501 00c2 6F000000 		.4byte	0x6f
 502 00c6 00000000 		.4byte	.LFB64
 503 00ca 10000000 		.4byte	.LFE64-.LFB64
 504 00ce 01       		.uleb128 0x1
 505 00cf 9C       		.byte	0x9c
 506 00d0 E7000000 		.4byte	0xe7
 507 00d4 07       		.uleb128 0x7
 508 00d5 08000000 		.4byte	.LVL0
 509 00d9 38040000 		.4byte	0x438
 510 00dd 07       		.uleb128 0x7
 511 00de 0C000000 		.4byte	.LVL1
 512 00e2 43040000 		.4byte	0x443
 513 00e6 00       		.byte	0
 514 00e7 08       		.uleb128 0x8
 515 00e8 00000000 		.4byte	.LASF30
 516 00ec 01       		.byte	0x1
 517 00ed 68       		.byte	0x68
 518 00ee 46010000 		.4byte	0x146
 519 00f2 00000000 		.4byte	.LFB65
 520 00f6 30000000 		.4byte	.LFE65-.LFB65
 521 00fa 01       		.uleb128 0x1
 522 00fb 9C       		.byte	0x9c
 523 00fc 46010000 		.4byte	0x146
 524 0100 09       		.uleb128 0x9
 525 0101 E2020000 		.4byte	.LASF23
 526 0105 01       		.byte	0x1
 527 0106 6A       		.byte	0x6a
 528 0107 6F000000 		.4byte	0x6f
 529 010b 00000000 		.4byte	.LLST0
 530 010f 0A       		.uleb128 0xa
 531 0110 69020000 		.4byte	.LASF27
 532 0114 01       		.byte	0x1
 533 0115 6B       		.byte	0x6b
 534 0116 4C010000 		.4byte	0x14c
 535 011a 0B       		.uleb128 0xb
 536 011b 0C000000 		.4byte	.LVL3
 537 011f 4E040000 		.4byte	0x44e
 538 0123 2D010000 		.4byte	0x12d
 539 0127 0C       		.uleb128 0xc
 540 0128 01       		.uleb128 0x1
 541 0129 52       		.byte	0x52
 542 012a 01       		.uleb128 0x1
 543 012b 31       		.byte	0x31
 544 012c 00       		.byte	0
 545 012d 07       		.uleb128 0x7
 546 012e 14000000 		.4byte	.LVL5
 547 0132 59040000 		.4byte	0x459
 548 0136 0D       		.uleb128 0xd
 549 0137 20000000 		.4byte	.LVL7
 550 013b 4E040000 		.4byte	0x44e
 551 013f 0C       		.uleb128 0xc
 552 0140 01       		.uleb128 0x1
 553 0141 52       		.byte	0x52
 554 0142 01       		.uleb128 0x1
 555 0143 30       		.byte	0x30
 556 0144 00       		.byte	0
ARM GAS  C:\Users\daani\AppData\Local\Temp\cc8KOQYo.s 			page 14


 557 0145 00       		.byte	0
 558 0146 0E       		.uleb128 0xe
 559 0147 04       		.byte	0x4
 560 0148 6F000000 		.4byte	0x6f
 561 014c 0F       		.uleb128 0xf
 562 014d 6F000000 		.4byte	0x6f
 563 0151 5C010000 		.4byte	0x15c
 564 0155 10       		.uleb128 0x10
 565 0156 A9000000 		.4byte	0xa9
 566 015a 04       		.byte	0x4
 567 015b 00       		.byte	0
 568 015c 06       		.uleb128 0x6
 569 015d B6000000 		.4byte	.LASF19
 570 0161 01       		.byte	0x1
 571 0162 77       		.byte	0x77
 572 0163 6F000000 		.4byte	0x6f
 573 0167 00000000 		.4byte	.LFB66
 574 016b 48000000 		.4byte	.LFE66-.LFB66
 575 016f 01       		.uleb128 0x1
 576 0170 9C       		.byte	0x9c
 577 0171 F0010000 		.4byte	0x1f0
 578 0175 11       		.uleb128 0x11
 579 0176 92000000 		.4byte	.LASF21
 580 017a 01       		.byte	0x1
 581 017b 77       		.byte	0x77
 582 017c 6F000000 		.4byte	0x6f
 583 0180 1F000000 		.4byte	.LLST1
 584 0184 0B       		.uleb128 0xb
 585 0185 10000000 		.4byte	.LVL11
 586 0189 64040000 		.4byte	0x464
 587 018d 9E010000 		.4byte	0x19e
 588 0191 0C       		.uleb128 0xc
 589 0192 01       		.uleb128 0x1
 590 0193 50       		.byte	0x50
 591 0194 03       		.uleb128 0x3
 592 0195 F5       		.byte	0xf5
 593 0196 04       		.uleb128 0x4
 594 0197 25       		.uleb128 0x25
 595 0198 0C       		.uleb128 0xc
 596 0199 01       		.uleb128 0x1
 597 019a 52       		.byte	0x52
 598 019b 01       		.uleb128 0x1
 599 019c 30       		.byte	0x30
 600 019d 00       		.byte	0
 601 019e 0B       		.uleb128 0xb
 602 019f 1A000000 		.4byte	.LVL12
 603 01a3 4E040000 		.4byte	0x44e
 604 01a7 BF010000 		.4byte	0x1bf
 605 01ab 0C       		.uleb128 0xc
 606 01ac 01       		.uleb128 0x1
 607 01ad 50       		.byte	0x50
 608 01ae 03       		.uleb128 0x3
 609 01af F5       		.byte	0xf5
 610 01b0 04       		.uleb128 0x4
 611 01b1 25       		.uleb128 0x25
 612 01b2 0C       		.uleb128 0xc
 613 01b3 01       		.uleb128 0x1
ARM GAS  C:\Users\daani\AppData\Local\Temp\cc8KOQYo.s 			page 15


 614 01b4 51       		.byte	0x51
 615 01b5 03       		.uleb128 0x3
 616 01b6 F5       		.byte	0xf5
 617 01b7 04       		.uleb128 0x4
 618 01b8 25       		.uleb128 0x25
 619 01b9 0C       		.uleb128 0xc
 620 01ba 01       		.uleb128 0x1
 621 01bb 52       		.byte	0x52
 622 01bc 01       		.uleb128 0x1
 623 01bd 30       		.byte	0x30
 624 01be 00       		.byte	0
 625 01bf 0B       		.uleb128 0xb
 626 01c0 24000000 		.4byte	.LVL13
 627 01c4 64040000 		.4byte	0x464
 628 01c8 D9010000 		.4byte	0x1d9
 629 01cc 0C       		.uleb128 0xc
 630 01cd 01       		.uleb128 0x1
 631 01ce 50       		.byte	0x50
 632 01cf 03       		.uleb128 0x3
 633 01d0 F5       		.byte	0xf5
 634 01d1 04       		.uleb128 0x4
 635 01d2 25       		.uleb128 0x25
 636 01d3 0C       		.uleb128 0xc
 637 01d4 01       		.uleb128 0x1
 638 01d5 52       		.byte	0x52
 639 01d6 01       		.uleb128 0x1
 640 01d7 31       		.byte	0x31
 641 01d8 00       		.byte	0
 642 01d9 0D       		.uleb128 0xd
 643 01da 2E000000 		.4byte	.LVL14
 644 01de 4E040000 		.4byte	0x44e
 645 01e2 0C       		.uleb128 0xc
 646 01e3 01       		.uleb128 0x1
 647 01e4 50       		.byte	0x50
 648 01e5 03       		.uleb128 0x3
 649 01e6 F5       		.byte	0xf5
 650 01e7 04       		.uleb128 0x4
 651 01e8 25       		.uleb128 0x25
 652 01e9 0C       		.uleb128 0xc
 653 01ea 01       		.uleb128 0x1
 654 01eb 52       		.byte	0x52
 655 01ec 01       		.uleb128 0x1
 656 01ed 30       		.byte	0x30
 657 01ee 00       		.byte	0
 658 01ef 00       		.byte	0
 659 01f0 12       		.uleb128 0x12
 660 01f1 1B000000 		.4byte	.LASF20
 661 01f5 01       		.byte	0x1
 662 01f6 84       		.byte	0x84
 663 01f7 6F000000 		.4byte	0x6f
 664 01fb 00000000 		.4byte	.LFB67
 665 01ff A0000000 		.4byte	.LFE67-.LFB67
 666 0203 01       		.uleb128 0x1
 667 0204 9C       		.byte	0x9c
 668 0205 D3020000 		.4byte	0x2d3
 669 0209 11       		.uleb128 0x11
 670 020a 84010000 		.4byte	.LASF22
ARM GAS  C:\Users\daani\AppData\Local\Temp\cc8KOQYo.s 			page 16


 671 020e 01       		.byte	0x1
 672 020f 84       		.byte	0x84
 673 0210 6F000000 		.4byte	0x6f
 674 0214 59000000 		.4byte	.LLST2
 675 0218 13       		.uleb128 0x13
 676 0219 28000000 		.4byte	.LASF24
 677 021d 01       		.byte	0x1
 678 021e 86       		.byte	0x86
 679 021f 6F000000 		.4byte	0x6f
 680 0223 00       		.byte	0
 681 0224 09       		.uleb128 0x9
 682 0225 DE000000 		.4byte	.LASF25
 683 0229 01       		.byte	0x1
 684 022a 87       		.byte	0x87
 685 022b 6F000000 		.4byte	0x6f
 686 022f 85000000 		.4byte	.LLST3
 687 0233 13       		.uleb128 0x13
 688 0234 74010000 		.4byte	.LASF26
 689 0238 01       		.byte	0x1
 690 0239 88       		.byte	0x88
 691 023a 6F000000 		.4byte	0x6f
 692 023e 00       		.byte	0
 693 023f 14       		.uleb128 0x14
 694 0240 0C000000 		.4byte	.LBB2
 695 0244 70000000 		.4byte	.LBE2-.LBB2
 696 0248 C9020000 		.4byte	0x2c9
 697 024c 0A       		.uleb128 0xa
 698 024d 48000000 		.4byte	.LASF28
 699 0251 01       		.byte	0x1
 700 0252 94       		.byte	0x94
 701 0253 6F000000 		.4byte	0x6f
 702 0257 09       		.uleb128 0x9
 703 0258 A4000000 		.4byte	.LASF29
 704 025c 01       		.byte	0x1
 705 025d 95       		.byte	0x95
 706 025e 6F000000 		.4byte	0x6f
 707 0262 A3000000 		.4byte	.LLST4
 708 0266 0B       		.uleb128 0xb
 709 0267 16000000 		.4byte	.LVL21
 710 026b 4E040000 		.4byte	0x44e
 711 026f 79020000 		.4byte	0x279
 712 0273 0C       		.uleb128 0xc
 713 0274 01       		.uleb128 0x1
 714 0275 52       		.byte	0x52
 715 0276 01       		.uleb128 0x1
 716 0277 31       		.byte	0x31
 717 0278 00       		.byte	0
 718 0279 07       		.uleb128 0x7
 719 027a 20000000 		.4byte	.LVL22
 720 027e 6F040000 		.4byte	0x46f
 721 0282 0B       		.uleb128 0xb
 722 0283 46000000 		.4byte	.LVL27
 723 0287 64040000 		.4byte	0x464
 724 028b 9A020000 		.4byte	0x29a
 725 028f 0C       		.uleb128 0xc
 726 0290 01       		.uleb128 0x1
 727 0291 52       		.byte	0x52
ARM GAS  C:\Users\daani\AppData\Local\Temp\cc8KOQYo.s 			page 17


 728 0292 06       		.uleb128 0x6
 729 0293 75       		.byte	0x75
 730 0294 00       		.sleb128 0
 731 0295 08       		.byte	0x8
 732 0296 FF       		.byte	0xff
 733 0297 1A       		.byte	0x1a
 734 0298 20       		.byte	0x20
 735 0299 00       		.byte	0
 736 029a 07       		.uleb128 0x7
 737 029b 4C000000 		.4byte	.LVL29
 738 029f 7A040000 		.4byte	0x47a
 739 02a3 0B       		.uleb128 0xb
 740 02a4 72000000 		.4byte	.LVL33
 741 02a8 64040000 		.4byte	0x464
 742 02ac B9020000 		.4byte	0x2b9
 743 02b0 0C       		.uleb128 0xc
 744 02b1 01       		.uleb128 0x1
 745 02b2 52       		.byte	0x52
 746 02b3 04       		.uleb128 0x4
 747 02b4 75       		.byte	0x75
 748 02b5 00       		.sleb128 0
 749 02b6 31       		.byte	0x31
 750 02b7 1A       		.byte	0x1a
 751 02b8 00       		.byte	0
 752 02b9 0D       		.uleb128 0xd
 753 02ba 7C000000 		.4byte	.LVL34
 754 02be 4E040000 		.4byte	0x44e
 755 02c2 0C       		.uleb128 0xc
 756 02c3 01       		.uleb128 0x1
 757 02c4 52       		.byte	0x52
 758 02c5 01       		.uleb128 0x1
 759 02c6 30       		.byte	0x30
 760 02c7 00       		.byte	0
 761 02c8 00       		.byte	0
 762 02c9 07       		.uleb128 0x7
 763 02ca 08000000 		.4byte	.LVL19
 764 02ce 59040000 		.4byte	0x459
 765 02d2 00       		.byte	0
 766 02d3 15       		.uleb128 0x15
 767 02d4 8B020000 		.4byte	.LASF32
 768 02d8 01       		.byte	0x1
 769 02d9 A8       		.byte	0xa8
 770 02da 00000000 		.4byte	.LFB68
 771 02de 02000000 		.4byte	.LFE68-.LFB68
 772 02e2 01       		.uleb128 0x1
 773 02e3 9C       		.byte	0x9c
 774 02e4 16       		.uleb128 0x16
 775 02e5 98020000 		.4byte	.LASF31
 776 02e9 01       		.byte	0x1
 777 02ea AD       		.byte	0xad
 778 02eb 00000000 		.4byte	.LFB69
 779 02ef 02000000 		.4byte	.LFE69-.LFB69
 780 02f3 01       		.uleb128 0x1
 781 02f4 9C       		.byte	0x9c
 782 02f5 07030000 		.4byte	0x307
 783 02f9 17       		.uleb128 0x17
 784 02fa 92000000 		.4byte	.LASF21
ARM GAS  C:\Users\daani\AppData\Local\Temp\cc8KOQYo.s 			page 18


 785 02fe 01       		.byte	0x1
 786 02ff AD       		.byte	0xad
 787 0300 6F000000 		.4byte	0x6f
 788 0304 01       		.uleb128 0x1
 789 0305 50       		.byte	0x50
 790 0306 00       		.byte	0
 791 0307 15       		.uleb128 0x15
 792 0308 22010000 		.4byte	.LASF33
 793 030c 01       		.byte	0x1
 794 030d B6       		.byte	0xb6
 795 030e 00000000 		.4byte	.LFB70
 796 0312 02000000 		.4byte	.LFE70-.LFB70
 797 0316 01       		.uleb128 0x1
 798 0317 9C       		.byte	0x9c
 799 0318 18       		.uleb128 0x18
 800 0319 EA000000 		.4byte	.LASF34
 801 031d 06       		.byte	0x6
 802 031e 1207     		.2byte	0x712
 803 0320 24030000 		.4byte	0x324
 804 0324 19       		.uleb128 0x19
 805 0325 7D000000 		.4byte	0x7d
 806 0329 1A       		.uleb128 0x1a
 807 032a 57000000 		.4byte	.LASF35
 808 032e 07       		.byte	0x7
 809 032f 0F       		.byte	0xf
 810 0330 6F000000 		.4byte	0x6f
 811 0334 1A       		.uleb128 0x1a
 812 0335 05010000 		.4byte	.LASF36
 813 0339 07       		.byte	0x7
 814 033a 10       		.byte	0x10
 815 033b 6F000000 		.4byte	0x6f
 816 033f 0F       		.uleb128 0xf
 817 0340 9B000000 		.4byte	0x9b
 818 0344 4F030000 		.4byte	0x34f
 819 0348 10       		.uleb128 0x10
 820 0349 A9000000 		.4byte	0xa9
 821 034d 63       		.byte	0x63
 822 034e 00       		.byte	0
 823 034f 1B       		.uleb128 0x1b
 824 0350 19030000 		.4byte	.LASF37
 825 0354 01       		.byte	0x1
 826 0355 26       		.byte	0x26
 827 0356 3F030000 		.4byte	0x33f
 828 035a 05       		.uleb128 0x5
 829 035b 03       		.byte	0x3
 830 035c 00000000 		.4byte	string
 831 0360 1C       		.uleb128 0x1c
 832 0361 6900     		.ascii	"i\000"
 833 0363 01       		.byte	0x1
 834 0364 27       		.byte	0x27
 835 0365 6F000000 		.4byte	0x6f
 836 0369 05       		.uleb128 0x5
 837 036a 03       		.byte	0x3
 838 036b 00000000 		.4byte	i
 839 036f 1B       		.uleb128 0x1b
 840 0370 7F010000 		.4byte	.LASF38
 841 0374 01       		.byte	0x1
ARM GAS  C:\Users\daani\AppData\Local\Temp\cc8KOQYo.s 			page 19


 842 0375 28       		.byte	0x28
 843 0376 6F000000 		.4byte	0x6f
 844 037a 05       		.uleb128 0x5
 845 037b 03       		.byte	0x3
 846 037c 00000000 		.4byte	flag
 847 0380 1B       		.uleb128 0x1b
 848 0381 92000000 		.4byte	.LASF21
 849 0385 01       		.byte	0x1
 850 0386 29       		.byte	0x29
 851 0387 6F000000 		.4byte	0x6f
 852 038b 05       		.uleb128 0x5
 853 038c 03       		.byte	0x3
 854 038d 00000000 		.4byte	obstacle_location
 855 0391 1B       		.uleb128 0x1b
 856 0392 68000000 		.4byte	.LASF39
 857 0396 01       		.byte	0x1
 858 0397 2A       		.byte	0x2a
 859 0398 6F000000 		.4byte	0x6f
 860 039c 05       		.uleb128 0x5
 861 039d 03       		.byte	0x3
 862 039e 00000000 		.4byte	pucks_stacked
 863 03a2 1B       		.uleb128 0x1b
 864 03a3 BC010000 		.4byte	.LASF40
 865 03a7 01       		.byte	0x1
 866 03a8 2B       		.byte	0x2b
 867 03a9 4C010000 		.4byte	0x14c
 868 03ad 05       		.uleb128 0x5
 869 03ae 03       		.byte	0x3
 870 03af 00000000 		.4byte	given_pattern
 871 03b3 1B       		.uleb128 0x1b
 872 03b4 0B000000 		.4byte	.LASF41
 873 03b8 01       		.byte	0x1
 874 03b9 2C       		.byte	0x2c
 875 03ba 46010000 		.4byte	0x146
 876 03be 05       		.uleb128 0x5
 877 03bf 03       		.byte	0x3
 878 03c0 00000000 		.4byte	pattern_pointer
 879 03c4 1B       		.uleb128 0x1b
 880 03c5 76000000 		.4byte	.LASF42
 881 03c9 01       		.byte	0x1
 882 03ca 2D       		.byte	0x2d
 883 03cb 88000000 		.4byte	0x88
 884 03cf 05       		.uleb128 0x5
 885 03d0 03       		.byte	0x3
 886 03d1 00000000 		.4byte	LeftCount
 887 03d5 1B       		.uleb128 0x1b
 888 03d6 B9020000 		.4byte	.LASF43
 889 03da 01       		.byte	0x1
 890 03db 2E       		.byte	0x2e
 891 03dc 88000000 		.4byte	0x88
 892 03e0 05       		.uleb128 0x5
 893 03e1 03       		.byte	0x3
 894 03e2 00000000 		.4byte	RightCount
 895 03e6 1B       		.uleb128 0x1b
 896 03e7 B6010000 		.4byte	.LASF44
 897 03eb 01       		.byte	0x1
 898 03ec 2F       		.byte	0x2f
ARM GAS  C:\Users\daani\AppData\Local\Temp\cc8KOQYo.s 			page 20


 899 03ed 6F000000 		.4byte	0x6f
 900 03f1 05       		.uleb128 0x5
 901 03f2 03       		.byte	0x3
 902 03f3 00000000 		.4byte	ratio
 903 03f7 1B       		.uleb128 0x1b
 904 03f8 86000000 		.4byte	.LASF45
 905 03fc 01       		.byte	0x1
 906 03fd 30       		.byte	0x30
 907 03fe 6F000000 		.4byte	0x6f
 908 0402 05       		.uleb128 0x5
 909 0403 03       		.byte	0x3
 910 0404 00000000 		.4byte	orientation
 911 0408 0F       		.uleb128 0xf
 912 0409 6F000000 		.4byte	0x6f
 913 040d 18040000 		.4byte	0x418
 914 0411 10       		.uleb128 0x10
 915 0412 A9000000 		.4byte	0xa9
 916 0416 01       		.byte	0x1
 917 0417 00       		.byte	0
 918 0418 1B       		.uleb128 0x1b
 919 0419 C4000000 		.4byte	.LASF46
 920 041d 01       		.byte	0x1
 921 041e 31       		.byte	0x31
 922 041f 08040000 		.4byte	0x408
 923 0423 05       		.uleb128 0x5
 924 0424 03       		.byte	0x3
 925 0425 00000000 		.4byte	location
 926 0429 1C       		.uleb128 0x1c
 927 042a 7400     		.ascii	"t\000"
 928 042c 01       		.byte	0x1
 929 042d 33       		.byte	0x33
 930 042e B0000000 		.4byte	0xb0
 931 0432 05       		.uleb128 0x5
 932 0433 03       		.byte	0x3
 933 0434 00000000 		.4byte	t
 934 0438 1D       		.uleb128 0x1d
 935 0439 66010000 		.4byte	.LASF47
 936 043d 66010000 		.4byte	.LASF47
 937 0441 08       		.byte	0x8
 938 0442 27       		.byte	0x27
 939 0443 1D       		.uleb128 0x1d
 940 0444 D3000000 		.4byte	.LASF48
 941 0448 D3000000 		.4byte	.LASF48
 942 044c 09       		.byte	0x9
 943 044d 54       		.byte	0x54
 944 044e 1D       		.uleb128 0x1d
 945 044f A2020000 		.4byte	.LASF49
 946 0453 A2020000 		.4byte	.LASF49
 947 0457 0A       		.byte	0xa
 948 0458 11       		.byte	0x11
 949 0459 1E       		.uleb128 0x1e
 950 045a 4C454400 		.ascii	"LED\000"
 951 045e 4C454400 		.ascii	"LED\000"
 952 0462 0B       		.byte	0xb
 953 0463 0E       		.byte	0xe
 954 0464 1D       		.uleb128 0x1d
 955 0465 C4020000 		.4byte	.LASF50
ARM GAS  C:\Users\daani\AppData\Local\Temp\cc8KOQYo.s 			page 21


 956 0469 C4020000 		.4byte	.LASF50
 957 046d 0A       		.byte	0xa
 958 046e 10       		.byte	0x10
 959 046f 1D       		.uleb128 0x1d
 960 0470 F9020000 		.4byte	.LASF51
 961 0474 F9020000 		.4byte	.LASF51
 962 0478 07       		.byte	0x7
 963 0479 14       		.byte	0x14
 964 047a 1D       		.uleb128 0x1d
 965 047b C9020000 		.4byte	.LASF52
 966 047f C9020000 		.4byte	.LASF52
 967 0483 07       		.byte	0x7
 968 0484 13       		.byte	0x13
 969 0485 00       		.byte	0
 970              		.section	.debug_abbrev,"",%progbits
 971              	.Ldebug_abbrev0:
 972 0000 01       		.uleb128 0x1
 973 0001 11       		.uleb128 0x11
 974 0002 01       		.byte	0x1
 975 0003 25       		.uleb128 0x25
 976 0004 0E       		.uleb128 0xe
 977 0005 13       		.uleb128 0x13
 978 0006 0B       		.uleb128 0xb
 979 0007 03       		.uleb128 0x3
 980 0008 0E       		.uleb128 0xe
 981 0009 1B       		.uleb128 0x1b
 982 000a 0E       		.uleb128 0xe
 983 000b 55       		.uleb128 0x55
 984 000c 17       		.uleb128 0x17
 985 000d 11       		.uleb128 0x11
 986 000e 01       		.uleb128 0x1
 987 000f 10       		.uleb128 0x10
 988 0010 17       		.uleb128 0x17
 989 0011 00       		.byte	0
 990 0012 00       		.byte	0
 991 0013 02       		.uleb128 0x2
 992 0014 24       		.uleb128 0x24
 993 0015 00       		.byte	0
 994 0016 0B       		.uleb128 0xb
 995 0017 0B       		.uleb128 0xb
 996 0018 3E       		.uleb128 0x3e
 997 0019 0B       		.uleb128 0xb
 998 001a 03       		.uleb128 0x3
 999 001b 0E       		.uleb128 0xe
 1000 001c 00       		.byte	0
 1001 001d 00       		.byte	0
 1002 001e 03       		.uleb128 0x3
 1003 001f 16       		.uleb128 0x16
 1004 0020 00       		.byte	0
 1005 0021 03       		.uleb128 0x3
 1006 0022 0E       		.uleb128 0xe
 1007 0023 3A       		.uleb128 0x3a
 1008 0024 0B       		.uleb128 0xb
 1009 0025 3B       		.uleb128 0x3b
 1010 0026 0B       		.uleb128 0xb
 1011 0027 49       		.uleb128 0x49
 1012 0028 13       		.uleb128 0x13
ARM GAS  C:\Users\daani\AppData\Local\Temp\cc8KOQYo.s 			page 22


 1013 0029 00       		.byte	0
 1014 002a 00       		.byte	0
 1015 002b 04       		.uleb128 0x4
 1016 002c 24       		.uleb128 0x24
 1017 002d 00       		.byte	0
 1018 002e 0B       		.uleb128 0xb
 1019 002f 0B       		.uleb128 0xb
 1020 0030 3E       		.uleb128 0x3e
 1021 0031 0B       		.uleb128 0xb
 1022 0032 03       		.uleb128 0x3
 1023 0033 08       		.uleb128 0x8
 1024 0034 00       		.byte	0
 1025 0035 00       		.byte	0
 1026 0036 05       		.uleb128 0x5
 1027 0037 16       		.uleb128 0x16
 1028 0038 00       		.byte	0
 1029 0039 03       		.uleb128 0x3
 1030 003a 0E       		.uleb128 0xe
 1031 003b 3A       		.uleb128 0x3a
 1032 003c 0B       		.uleb128 0xb
 1033 003d 3B       		.uleb128 0x3b
 1034 003e 05       		.uleb128 0x5
 1035 003f 49       		.uleb128 0x49
 1036 0040 13       		.uleb128 0x13
 1037 0041 00       		.byte	0
 1038 0042 00       		.byte	0
 1039 0043 06       		.uleb128 0x6
 1040 0044 2E       		.uleb128 0x2e
 1041 0045 01       		.byte	0x1
 1042 0046 3F       		.uleb128 0x3f
 1043 0047 19       		.uleb128 0x19
 1044 0048 03       		.uleb128 0x3
 1045 0049 0E       		.uleb128 0xe
 1046 004a 3A       		.uleb128 0x3a
 1047 004b 0B       		.uleb128 0xb
 1048 004c 3B       		.uleb128 0x3b
 1049 004d 0B       		.uleb128 0xb
 1050 004e 27       		.uleb128 0x27
 1051 004f 19       		.uleb128 0x19
 1052 0050 49       		.uleb128 0x49
 1053 0051 13       		.uleb128 0x13
 1054 0052 11       		.uleb128 0x11
 1055 0053 01       		.uleb128 0x1
 1056 0054 12       		.uleb128 0x12
 1057 0055 06       		.uleb128 0x6
 1058 0056 40       		.uleb128 0x40
 1059 0057 18       		.uleb128 0x18
 1060 0058 9742     		.uleb128 0x2117
 1061 005a 19       		.uleb128 0x19
 1062 005b 01       		.uleb128 0x1
 1063 005c 13       		.uleb128 0x13
 1064 005d 00       		.byte	0
 1065 005e 00       		.byte	0
 1066 005f 07       		.uleb128 0x7
 1067 0060 898201   		.uleb128 0x4109
 1068 0063 00       		.byte	0
 1069 0064 11       		.uleb128 0x11
ARM GAS  C:\Users\daani\AppData\Local\Temp\cc8KOQYo.s 			page 23


 1070 0065 01       		.uleb128 0x1
 1071 0066 31       		.uleb128 0x31
 1072 0067 13       		.uleb128 0x13
 1073 0068 00       		.byte	0
 1074 0069 00       		.byte	0
 1075 006a 08       		.uleb128 0x8
 1076 006b 2E       		.uleb128 0x2e
 1077 006c 01       		.byte	0x1
 1078 006d 3F       		.uleb128 0x3f
 1079 006e 19       		.uleb128 0x19
 1080 006f 03       		.uleb128 0x3
 1081 0070 0E       		.uleb128 0xe
 1082 0071 3A       		.uleb128 0x3a
 1083 0072 0B       		.uleb128 0xb
 1084 0073 3B       		.uleb128 0x3b
 1085 0074 0B       		.uleb128 0xb
 1086 0075 49       		.uleb128 0x49
 1087 0076 13       		.uleb128 0x13
 1088 0077 11       		.uleb128 0x11
 1089 0078 01       		.uleb128 0x1
 1090 0079 12       		.uleb128 0x12
 1091 007a 06       		.uleb128 0x6
 1092 007b 40       		.uleb128 0x40
 1093 007c 18       		.uleb128 0x18
 1094 007d 9742     		.uleb128 0x2117
 1095 007f 19       		.uleb128 0x19
 1096 0080 01       		.uleb128 0x1
 1097 0081 13       		.uleb128 0x13
 1098 0082 00       		.byte	0
 1099 0083 00       		.byte	0
 1100 0084 09       		.uleb128 0x9
 1101 0085 34       		.uleb128 0x34
 1102 0086 00       		.byte	0
 1103 0087 03       		.uleb128 0x3
 1104 0088 0E       		.uleb128 0xe
 1105 0089 3A       		.uleb128 0x3a
 1106 008a 0B       		.uleb128 0xb
 1107 008b 3B       		.uleb128 0x3b
 1108 008c 0B       		.uleb128 0xb
 1109 008d 49       		.uleb128 0x49
 1110 008e 13       		.uleb128 0x13
 1111 008f 02       		.uleb128 0x2
 1112 0090 17       		.uleb128 0x17
 1113 0091 00       		.byte	0
 1114 0092 00       		.byte	0
 1115 0093 0A       		.uleb128 0xa
 1116 0094 34       		.uleb128 0x34
 1117 0095 00       		.byte	0
 1118 0096 03       		.uleb128 0x3
 1119 0097 0E       		.uleb128 0xe
 1120 0098 3A       		.uleb128 0x3a
 1121 0099 0B       		.uleb128 0xb
 1122 009a 3B       		.uleb128 0x3b
 1123 009b 0B       		.uleb128 0xb
 1124 009c 49       		.uleb128 0x49
 1125 009d 13       		.uleb128 0x13
 1126 009e 00       		.byte	0
ARM GAS  C:\Users\daani\AppData\Local\Temp\cc8KOQYo.s 			page 24


 1127 009f 00       		.byte	0
 1128 00a0 0B       		.uleb128 0xb
 1129 00a1 898201   		.uleb128 0x4109
 1130 00a4 01       		.byte	0x1
 1131 00a5 11       		.uleb128 0x11
 1132 00a6 01       		.uleb128 0x1
 1133 00a7 31       		.uleb128 0x31
 1134 00a8 13       		.uleb128 0x13
 1135 00a9 01       		.uleb128 0x1
 1136 00aa 13       		.uleb128 0x13
 1137 00ab 00       		.byte	0
 1138 00ac 00       		.byte	0
 1139 00ad 0C       		.uleb128 0xc
 1140 00ae 8A8201   		.uleb128 0x410a
 1141 00b1 00       		.byte	0
 1142 00b2 02       		.uleb128 0x2
 1143 00b3 18       		.uleb128 0x18
 1144 00b4 9142     		.uleb128 0x2111
 1145 00b6 18       		.uleb128 0x18
 1146 00b7 00       		.byte	0
 1147 00b8 00       		.byte	0
 1148 00b9 0D       		.uleb128 0xd
 1149 00ba 898201   		.uleb128 0x4109
 1150 00bd 01       		.byte	0x1
 1151 00be 11       		.uleb128 0x11
 1152 00bf 01       		.uleb128 0x1
 1153 00c0 31       		.uleb128 0x31
 1154 00c1 13       		.uleb128 0x13
 1155 00c2 00       		.byte	0
 1156 00c3 00       		.byte	0
 1157 00c4 0E       		.uleb128 0xe
 1158 00c5 0F       		.uleb128 0xf
 1159 00c6 00       		.byte	0
 1160 00c7 0B       		.uleb128 0xb
 1161 00c8 0B       		.uleb128 0xb
 1162 00c9 49       		.uleb128 0x49
 1163 00ca 13       		.uleb128 0x13
 1164 00cb 00       		.byte	0
 1165 00cc 00       		.byte	0
 1166 00cd 0F       		.uleb128 0xf
 1167 00ce 01       		.uleb128 0x1
 1168 00cf 01       		.byte	0x1
 1169 00d0 49       		.uleb128 0x49
 1170 00d1 13       		.uleb128 0x13
 1171 00d2 01       		.uleb128 0x1
 1172 00d3 13       		.uleb128 0x13
 1173 00d4 00       		.byte	0
 1174 00d5 00       		.byte	0
 1175 00d6 10       		.uleb128 0x10
 1176 00d7 21       		.uleb128 0x21
 1177 00d8 00       		.byte	0
 1178 00d9 49       		.uleb128 0x49
 1179 00da 13       		.uleb128 0x13
 1180 00db 2F       		.uleb128 0x2f
 1181 00dc 0B       		.uleb128 0xb
 1182 00dd 00       		.byte	0
 1183 00de 00       		.byte	0
ARM GAS  C:\Users\daani\AppData\Local\Temp\cc8KOQYo.s 			page 25


 1184 00df 11       		.uleb128 0x11
 1185 00e0 05       		.uleb128 0x5
 1186 00e1 00       		.byte	0
 1187 00e2 03       		.uleb128 0x3
 1188 00e3 0E       		.uleb128 0xe
 1189 00e4 3A       		.uleb128 0x3a
 1190 00e5 0B       		.uleb128 0xb
 1191 00e6 3B       		.uleb128 0x3b
 1192 00e7 0B       		.uleb128 0xb
 1193 00e8 49       		.uleb128 0x49
 1194 00e9 13       		.uleb128 0x13
 1195 00ea 02       		.uleb128 0x2
 1196 00eb 17       		.uleb128 0x17
 1197 00ec 00       		.byte	0
 1198 00ed 00       		.byte	0
 1199 00ee 12       		.uleb128 0x12
 1200 00ef 2E       		.uleb128 0x2e
 1201 00f0 01       		.byte	0x1
 1202 00f1 3F       		.uleb128 0x3f
 1203 00f2 19       		.uleb128 0x19
 1204 00f3 03       		.uleb128 0x3
 1205 00f4 0E       		.uleb128 0xe
 1206 00f5 3A       		.uleb128 0x3a
 1207 00f6 0B       		.uleb128 0xb
 1208 00f7 3B       		.uleb128 0x3b
 1209 00f8 0B       		.uleb128 0xb
 1210 00f9 27       		.uleb128 0x27
 1211 00fa 19       		.uleb128 0x19
 1212 00fb 49       		.uleb128 0x49
 1213 00fc 13       		.uleb128 0x13
 1214 00fd 11       		.uleb128 0x11
 1215 00fe 01       		.uleb128 0x1
 1216 00ff 12       		.uleb128 0x12
 1217 0100 06       		.uleb128 0x6
 1218 0101 40       		.uleb128 0x40
 1219 0102 18       		.uleb128 0x18
 1220 0103 9642     		.uleb128 0x2116
 1221 0105 19       		.uleb128 0x19
 1222 0106 01       		.uleb128 0x1
 1223 0107 13       		.uleb128 0x13
 1224 0108 00       		.byte	0
 1225 0109 00       		.byte	0
 1226 010a 13       		.uleb128 0x13
 1227 010b 34       		.uleb128 0x34
 1228 010c 00       		.byte	0
 1229 010d 03       		.uleb128 0x3
 1230 010e 0E       		.uleb128 0xe
 1231 010f 3A       		.uleb128 0x3a
 1232 0110 0B       		.uleb128 0xb
 1233 0111 3B       		.uleb128 0x3b
 1234 0112 0B       		.uleb128 0xb
 1235 0113 49       		.uleb128 0x49
 1236 0114 13       		.uleb128 0x13
 1237 0115 1C       		.uleb128 0x1c
 1238 0116 0B       		.uleb128 0xb
 1239 0117 00       		.byte	0
 1240 0118 00       		.byte	0
ARM GAS  C:\Users\daani\AppData\Local\Temp\cc8KOQYo.s 			page 26


 1241 0119 14       		.uleb128 0x14
 1242 011a 0B       		.uleb128 0xb
 1243 011b 01       		.byte	0x1
 1244 011c 11       		.uleb128 0x11
 1245 011d 01       		.uleb128 0x1
 1246 011e 12       		.uleb128 0x12
 1247 011f 06       		.uleb128 0x6
 1248 0120 01       		.uleb128 0x1
 1249 0121 13       		.uleb128 0x13
 1250 0122 00       		.byte	0
 1251 0123 00       		.byte	0
 1252 0124 15       		.uleb128 0x15
 1253 0125 2E       		.uleb128 0x2e
 1254 0126 00       		.byte	0
 1255 0127 3F       		.uleb128 0x3f
 1256 0128 19       		.uleb128 0x19
 1257 0129 03       		.uleb128 0x3
 1258 012a 0E       		.uleb128 0xe
 1259 012b 3A       		.uleb128 0x3a
 1260 012c 0B       		.uleb128 0xb
 1261 012d 3B       		.uleb128 0x3b
 1262 012e 0B       		.uleb128 0xb
 1263 012f 11       		.uleb128 0x11
 1264 0130 01       		.uleb128 0x1
 1265 0131 12       		.uleb128 0x12
 1266 0132 06       		.uleb128 0x6
 1267 0133 40       		.uleb128 0x40
 1268 0134 18       		.uleb128 0x18
 1269 0135 9742     		.uleb128 0x2117
 1270 0137 19       		.uleb128 0x19
 1271 0138 00       		.byte	0
 1272 0139 00       		.byte	0
 1273 013a 16       		.uleb128 0x16
 1274 013b 2E       		.uleb128 0x2e
 1275 013c 01       		.byte	0x1
 1276 013d 3F       		.uleb128 0x3f
 1277 013e 19       		.uleb128 0x19
 1278 013f 03       		.uleb128 0x3
 1279 0140 0E       		.uleb128 0xe
 1280 0141 3A       		.uleb128 0x3a
 1281 0142 0B       		.uleb128 0xb
 1282 0143 3B       		.uleb128 0x3b
 1283 0144 0B       		.uleb128 0xb
 1284 0145 27       		.uleb128 0x27
 1285 0146 19       		.uleb128 0x19
 1286 0147 11       		.uleb128 0x11
 1287 0148 01       		.uleb128 0x1
 1288 0149 12       		.uleb128 0x12
 1289 014a 06       		.uleb128 0x6
 1290 014b 40       		.uleb128 0x40
 1291 014c 18       		.uleb128 0x18
 1292 014d 9742     		.uleb128 0x2117
 1293 014f 19       		.uleb128 0x19
 1294 0150 01       		.uleb128 0x1
 1295 0151 13       		.uleb128 0x13
 1296 0152 00       		.byte	0
 1297 0153 00       		.byte	0
ARM GAS  C:\Users\daani\AppData\Local\Temp\cc8KOQYo.s 			page 27


 1298 0154 17       		.uleb128 0x17
 1299 0155 05       		.uleb128 0x5
 1300 0156 00       		.byte	0
 1301 0157 03       		.uleb128 0x3
 1302 0158 0E       		.uleb128 0xe
 1303 0159 3A       		.uleb128 0x3a
 1304 015a 0B       		.uleb128 0xb
 1305 015b 3B       		.uleb128 0x3b
 1306 015c 0B       		.uleb128 0xb
 1307 015d 49       		.uleb128 0x49
 1308 015e 13       		.uleb128 0x13
 1309 015f 02       		.uleb128 0x2
 1310 0160 18       		.uleb128 0x18
 1311 0161 00       		.byte	0
 1312 0162 00       		.byte	0
 1313 0163 18       		.uleb128 0x18
 1314 0164 34       		.uleb128 0x34
 1315 0165 00       		.byte	0
 1316 0166 03       		.uleb128 0x3
 1317 0167 0E       		.uleb128 0xe
 1318 0168 3A       		.uleb128 0x3a
 1319 0169 0B       		.uleb128 0xb
 1320 016a 3B       		.uleb128 0x3b
 1321 016b 05       		.uleb128 0x5
 1322 016c 49       		.uleb128 0x49
 1323 016d 13       		.uleb128 0x13
 1324 016e 3F       		.uleb128 0x3f
 1325 016f 19       		.uleb128 0x19
 1326 0170 3C       		.uleb128 0x3c
 1327 0171 19       		.uleb128 0x19
 1328 0172 00       		.byte	0
 1329 0173 00       		.byte	0
 1330 0174 19       		.uleb128 0x19
 1331 0175 35       		.uleb128 0x35
 1332 0176 00       		.byte	0
 1333 0177 49       		.uleb128 0x49
 1334 0178 13       		.uleb128 0x13
 1335 0179 00       		.byte	0
 1336 017a 00       		.byte	0
 1337 017b 1A       		.uleb128 0x1a
 1338 017c 34       		.uleb128 0x34
 1339 017d 00       		.byte	0
 1340 017e 03       		.uleb128 0x3
 1341 017f 0E       		.uleb128 0xe
 1342 0180 3A       		.uleb128 0x3a
 1343 0181 0B       		.uleb128 0xb
 1344 0182 3B       		.uleb128 0x3b
 1345 0183 0B       		.uleb128 0xb
 1346 0184 49       		.uleb128 0x49
 1347 0185 13       		.uleb128 0x13
 1348 0186 3F       		.uleb128 0x3f
 1349 0187 19       		.uleb128 0x19
 1350 0188 3C       		.uleb128 0x3c
 1351 0189 19       		.uleb128 0x19
 1352 018a 00       		.byte	0
 1353 018b 00       		.byte	0
 1354 018c 1B       		.uleb128 0x1b
ARM GAS  C:\Users\daani\AppData\Local\Temp\cc8KOQYo.s 			page 28


 1355 018d 34       		.uleb128 0x34
 1356 018e 00       		.byte	0
 1357 018f 03       		.uleb128 0x3
 1358 0190 0E       		.uleb128 0xe
 1359 0191 3A       		.uleb128 0x3a
 1360 0192 0B       		.uleb128 0xb
 1361 0193 3B       		.uleb128 0x3b
 1362 0194 0B       		.uleb128 0xb
 1363 0195 49       		.uleb128 0x49
 1364 0196 13       		.uleb128 0x13
 1365 0197 3F       		.uleb128 0x3f
 1366 0198 19       		.uleb128 0x19
 1367 0199 02       		.uleb128 0x2
 1368 019a 18       		.uleb128 0x18
 1369 019b 00       		.byte	0
 1370 019c 00       		.byte	0
 1371 019d 1C       		.uleb128 0x1c
 1372 019e 34       		.uleb128 0x34
 1373 019f 00       		.byte	0
 1374 01a0 03       		.uleb128 0x3
 1375 01a1 08       		.uleb128 0x8
 1376 01a2 3A       		.uleb128 0x3a
 1377 01a3 0B       		.uleb128 0xb
 1378 01a4 3B       		.uleb128 0x3b
 1379 01a5 0B       		.uleb128 0xb
 1380 01a6 49       		.uleb128 0x49
 1381 01a7 13       		.uleb128 0x13
 1382 01a8 3F       		.uleb128 0x3f
 1383 01a9 19       		.uleb128 0x19
 1384 01aa 02       		.uleb128 0x2
 1385 01ab 18       		.uleb128 0x18
 1386 01ac 00       		.byte	0
 1387 01ad 00       		.byte	0
 1388 01ae 1D       		.uleb128 0x1d
 1389 01af 2E       		.uleb128 0x2e
 1390 01b0 00       		.byte	0
 1391 01b1 3F       		.uleb128 0x3f
 1392 01b2 19       		.uleb128 0x19
 1393 01b3 3C       		.uleb128 0x3c
 1394 01b4 19       		.uleb128 0x19
 1395 01b5 6E       		.uleb128 0x6e
 1396 01b6 0E       		.uleb128 0xe
 1397 01b7 03       		.uleb128 0x3
 1398 01b8 0E       		.uleb128 0xe
 1399 01b9 3A       		.uleb128 0x3a
 1400 01ba 0B       		.uleb128 0xb
 1401 01bb 3B       		.uleb128 0x3b
 1402 01bc 0B       		.uleb128 0xb
 1403 01bd 00       		.byte	0
 1404 01be 00       		.byte	0
 1405 01bf 1E       		.uleb128 0x1e
 1406 01c0 2E       		.uleb128 0x2e
 1407 01c1 00       		.byte	0
 1408 01c2 3F       		.uleb128 0x3f
 1409 01c3 19       		.uleb128 0x19
 1410 01c4 3C       		.uleb128 0x3c
 1411 01c5 19       		.uleb128 0x19
ARM GAS  C:\Users\daani\AppData\Local\Temp\cc8KOQYo.s 			page 29


 1412 01c6 6E       		.uleb128 0x6e
 1413 01c7 08       		.uleb128 0x8
 1414 01c8 03       		.uleb128 0x3
 1415 01c9 08       		.uleb128 0x8
 1416 01ca 3A       		.uleb128 0x3a
 1417 01cb 0B       		.uleb128 0xb
 1418 01cc 3B       		.uleb128 0x3b
 1419 01cd 0B       		.uleb128 0xb
 1420 01ce 00       		.byte	0
 1421 01cf 00       		.byte	0
 1422 01d0 00       		.byte	0
 1423              		.section	.debug_loc,"",%progbits
 1424              	.Ldebug_loc0:
 1425              	.LLST0:
 1426 0000 02000000 		.4byte	.LVL2
 1427 0004 10000000 		.4byte	.LVL4
 1428 0008 0200     		.2byte	0x2
 1429 000a 30       		.byte	0x30
 1430 000b 9F       		.byte	0x9f
 1431 000c 10000000 		.4byte	.LVL4
 1432 0010 28000000 		.4byte	.LVL8
 1433 0014 0100     		.2byte	0x1
 1434 0016 54       		.byte	0x54
 1435 0017 00000000 		.4byte	0
 1436 001b 00000000 		.4byte	0
 1437              	.LLST1:
 1438 001f 00000000 		.4byte	.LVL9
 1439 0023 0C000000 		.4byte	.LVL10
 1440 0027 0100     		.2byte	0x1
 1441 0029 50       		.byte	0x50
 1442 002a 0C000000 		.4byte	.LVL10
 1443 002e 32000000 		.4byte	.LVL15
 1444 0032 0400     		.2byte	0x4
 1445 0034 F3       		.byte	0xf3
 1446 0035 01       		.uleb128 0x1
 1447 0036 50       		.byte	0x50
 1448 0037 9F       		.byte	0x9f
 1449 0038 32000000 		.4byte	.LVL15
 1450 003c 34000000 		.4byte	.LVL16
 1451 0040 0100     		.2byte	0x1
 1452 0042 50       		.byte	0x50
 1453 0043 34000000 		.4byte	.LVL16
 1454 0047 48000000 		.4byte	.LFE66
 1455 004b 0400     		.2byte	0x4
 1456 004d F3       		.byte	0xf3
 1457 004e 01       		.uleb128 0x1
 1458 004f 50       		.byte	0x50
 1459 0050 9F       		.byte	0x9f
 1460 0051 00000000 		.4byte	0
 1461 0055 00000000 		.4byte	0
 1462              	.LLST2:
 1463 0059 00000000 		.4byte	.LVL17
 1464 005d 04000000 		.4byte	.LVL18
 1465 0061 0100     		.2byte	0x1
 1466 0063 50       		.byte	0x50
 1467 0064 04000000 		.4byte	.LVL18
 1468 0068 82000000 		.4byte	.LVL37
ARM GAS  C:\Users\daani\AppData\Local\Temp\cc8KOQYo.s 			page 30


 1469 006c 0100     		.2byte	0x1
 1470 006e 54       		.byte	0x54
 1471 006f 82000000 		.4byte	.LVL37
 1472 0073 A0000000 		.4byte	.LFE67
 1473 0077 0400     		.2byte	0x4
 1474 0079 F3       		.byte	0xf3
 1475 007a 01       		.uleb128 0x1
 1476 007b 50       		.byte	0x50
 1477 007c 9F       		.byte	0x9f
 1478 007d 00000000 		.4byte	0
 1479 0081 00000000 		.4byte	0
 1480              	.LLST3:
 1481 0085 08000000 		.4byte	.LVL19
 1482 0089 12000000 		.4byte	.LVL20
 1483 008d 0100     		.2byte	0x1
 1484 008f 50       		.byte	0x50
 1485 0090 7E000000 		.4byte	.LVL35
 1486 0094 80000000 		.4byte	.LVL36
 1487 0098 0100     		.2byte	0x1
 1488 009a 50       		.byte	0x50
 1489 009b 00000000 		.4byte	0
 1490 009f 00000000 		.4byte	0
 1491              	.LLST4:
 1492 00a3 3C000000 		.4byte	.LVL25
 1493 00a7 3E000000 		.4byte	.LVL26
 1494 00ab 0100     		.2byte	0x1
 1495 00ad 52       		.byte	0x52
 1496 00ae 3E000000 		.4byte	.LVL26
 1497 00b2 45000000 		.4byte	.LVL27-1
 1498 00b6 0400     		.2byte	0x4
 1499 00b8 72       		.byte	0x72
 1500 00b9 00       		.sleb128 0
 1501 00ba 20       		.byte	0x20
 1502 00bb 9F       		.byte	0x9f
 1503 00bc 45000000 		.4byte	.LVL27-1
 1504 00c0 48000000 		.4byte	.LVL28
 1505 00c4 0600     		.2byte	0x6
 1506 00c6 75       		.byte	0x75
 1507 00c7 00       		.sleb128 0
 1508 00c8 08       		.byte	0x8
 1509 00c9 FF       		.byte	0xff
 1510 00ca 1A       		.byte	0x1a
 1511 00cb 9F       		.byte	0x9f
 1512 00cc 66000000 		.4byte	.LVL32
 1513 00d0 72000000 		.4byte	.LVL33
 1514 00d4 0600     		.2byte	0x6
 1515 00d6 75       		.byte	0x75
 1516 00d7 00       		.sleb128 0
 1517 00d8 08       		.byte	0x8
 1518 00d9 FF       		.byte	0xff
 1519 00da 1A       		.byte	0x1a
 1520 00db 9F       		.byte	0x9f
 1521 00dc 00000000 		.4byte	0
 1522 00e0 00000000 		.4byte	0
 1523              		.section	.debug_aranges,"",%progbits
 1524 0000 4C000000 		.4byte	0x4c
 1525 0004 0200     		.2byte	0x2
ARM GAS  C:\Users\daani\AppData\Local\Temp\cc8KOQYo.s 			page 31


 1526 0006 00000000 		.4byte	.Ldebug_info0
 1527 000a 04       		.byte	0x4
 1528 000b 00       		.byte	0
 1529 000c 0000     		.2byte	0
 1530 000e 0000     		.2byte	0
 1531 0010 00000000 		.4byte	.LFB64
 1532 0014 10000000 		.4byte	.LFE64-.LFB64
 1533 0018 00000000 		.4byte	.LFB65
 1534 001c 30000000 		.4byte	.LFE65-.LFB65
 1535 0020 00000000 		.4byte	.LFB66
 1536 0024 48000000 		.4byte	.LFE66-.LFB66
 1537 0028 00000000 		.4byte	.LFB67
 1538 002c A0000000 		.4byte	.LFE67-.LFB67
 1539 0030 00000000 		.4byte	.LFB68
 1540 0034 02000000 		.4byte	.LFE68-.LFB68
 1541 0038 00000000 		.4byte	.LFB69
 1542 003c 02000000 		.4byte	.LFE69-.LFB69
 1543 0040 00000000 		.4byte	.LFB70
 1544 0044 02000000 		.4byte	.LFE70-.LFB70
 1545 0048 00000000 		.4byte	0
 1546 004c 00000000 		.4byte	0
 1547              		.section	.debug_ranges,"",%progbits
 1548              	.Ldebug_ranges0:
 1549 0000 00000000 		.4byte	.LFB64
 1550 0004 10000000 		.4byte	.LFE64
 1551 0008 00000000 		.4byte	.LFB65
 1552 000c 30000000 		.4byte	.LFE65
 1553 0010 00000000 		.4byte	.LFB66
 1554 0014 48000000 		.4byte	.LFE66
 1555 0018 00000000 		.4byte	.LFB67
 1556 001c A0000000 		.4byte	.LFE67
 1557 0020 00000000 		.4byte	.LFB68
 1558 0024 02000000 		.4byte	.LFE68
 1559 0028 00000000 		.4byte	.LFB69
 1560 002c 02000000 		.4byte	.LFE69
 1561 0030 00000000 		.4byte	.LFB70
 1562 0034 02000000 		.4byte	.LFE70
 1563 0038 00000000 		.4byte	0
 1564 003c 00000000 		.4byte	0
 1565              		.section	.debug_line,"",%progbits
 1566              	.Ldebug_line0:
 1567 0000 32020000 		.section	.debug_str,"MS",%progbits,1
 1567      02009A01 
 1567      00000201 
 1567      FB0E0D00 
 1567      01010101 
 1568              	.LASF30:
 1569 0000 52656164 		.ascii	"Read_Order\000"
 1569      5F4F7264 
 1569      657200
 1570              	.LASF41:
 1571 000b 70617474 		.ascii	"pattern_pointer\000"
 1571      65726E5F 
 1571      706F696E 
 1571      74657200 
 1572              	.LASF20:
 1573 001b 4C696E65 		.ascii	"Line_Up_Puck\000"
ARM GAS  C:\Users\daani\AppData\Local\Temp\cc8KOQYo.s 			page 32


 1573      5F55705F 
 1573      5075636B 
 1573      00
 1574              	.LASF24:
 1575 0028 636F7272 		.ascii	"correct_puck\000"
 1575      6563745F 
 1575      7075636B 
 1575      00
 1576              	.LASF10:
 1577 0035 5F5F696E 		.ascii	"__int32_t\000"
 1577      7433325F 
 1577      7400
 1578              	.LASF5:
 1579 003f 6C6F6E67 		.ascii	"long int\000"
 1579      20696E74 
 1579      00
 1580              	.LASF28:
 1581 0048 77616C6C 		.ascii	"wall_proximity\000"
 1581      5F70726F 
 1581      78696D69 
 1581      747900
 1582              	.LASF35:
 1583 0057 4C656674 		.ascii	"LeftCoord\000"
 1583      436F6F72 
 1583      6400
 1584              	.LASF13:
 1585 0061 646F7562 		.ascii	"double\000"
 1585      6C6500
 1586              	.LASF39:
 1587 0068 7075636B 		.ascii	"pucks_stacked\000"
 1587      735F7374 
 1587      61636B65 
 1587      6400
 1588              	.LASF42:
 1589 0076 4C656674 		.ascii	"LeftCount\000"
 1589      436F756E 
 1589      7400
 1590              	.LASF0:
 1591 0080 666C6F61 		.ascii	"float\000"
 1591      7400
 1592              	.LASF45:
 1593 0086 6F726965 		.ascii	"orientation\000"
 1593      6E746174 
 1593      696F6E00 
 1594              	.LASF21:
 1595 0092 6F627374 		.ascii	"obstacle_location\000"
 1595      61636C65 
 1595      5F6C6F63 
 1595      6174696F 
 1595      6E00
 1596              	.LASF29:
 1597 00a4 7475726E 		.ascii	"turning_direction\000"
 1597      696E675F 
 1597      64697265 
 1597      6374696F 
 1597      6E00
 1598              	.LASF19:
ARM GAS  C:\Users\daani\AppData\Local\Temp\cc8KOQYo.s 			page 33


 1599 00b6 4D6F7665 		.ascii	"Move_to_Pucks\000"
 1599      5F746F5F 
 1599      5075636B 
 1599      7300
 1600              	.LASF46:
 1601 00c4 6C6F6361 		.ascii	"location\000"
 1601      74696F6E 
 1601      00
 1602              	.LASF12:
 1603 00cd 696E7433 		.ascii	"int32\000"
 1603      3200
 1604              	.LASF48:
 1605 00d3 55415254 		.ascii	"UART_Start\000"
 1605      5F537461 
 1605      727400
 1606              	.LASF25:
 1607 00de 7075636B 		.ascii	"puck_colour\000"
 1607      5F636F6C 
 1607      6F757200 
 1608              	.LASF34:
 1609 00ea 49544D5F 		.ascii	"ITM_RxBuffer\000"
 1609      52784275 
 1609      66666572 
 1609      00
 1610              	.LASF2:
 1611 00f7 756E7369 		.ascii	"unsigned char\000"
 1611      676E6564 
 1611      20636861 
 1611      7200
 1612              	.LASF36:
 1613 0105 52696768 		.ascii	"RightCoord\000"
 1613      74436F6F 
 1613      726400
 1614              	.LASF6:
 1615 0110 6C6F6E67 		.ascii	"long unsigned int\000"
 1615      20756E73 
 1615      69676E65 
 1615      6420696E 
 1615      7400
 1616              	.LASF33:
 1617 0122 53746163 		.ascii	"Stack\000"
 1617      6B00
 1618              	.LASF55:
 1619 0128 433A5C55 		.ascii	"C:\\Users\\daani\\Documents\\GitHub\\ECE3091\\Final"
 1619      73657273 
 1619      5C646161 
 1619      6E695C44 
 1619      6F63756D 
 1620 0155 20436F64 		.ascii	" Code.cydsn\000"
 1620      652E6379 
 1620      64736E00 
 1621              	.LASF18:
 1622 0161 6D61696E 		.ascii	"main\000"
 1622      00
 1623              	.LASF47:
 1624 0166 436C6F63 		.ascii	"Clock_1_Start\000"
 1624      6B5F315F 
ARM GAS  C:\Users\daani\AppData\Local\Temp\cc8KOQYo.s 			page 34


 1624      53746172 
 1624      7400
 1625              	.LASF26:
 1626 0174 77616C6C 		.ascii	"wall_right\000"
 1626      5F726967 
 1626      687400
 1627              	.LASF38:
 1628 017f 666C6167 		.ascii	"flag\000"
 1628      00
 1629              	.LASF22:
 1630 0184 636F6C6F 		.ascii	"colour\000"
 1630      757200
 1631              	.LASF9:
 1632 018b 756E7369 		.ascii	"unsigned int\000"
 1632      676E6564 
 1632      20696E74 
 1632      00
 1633              	.LASF8:
 1634 0198 6C6F6E67 		.ascii	"long long unsigned int\000"
 1634      206C6F6E 
 1634      6720756E 
 1634      7369676E 
 1634      65642069 
 1635              	.LASF17:
 1636 01af 74696D65 		.ascii	"time_t\000"
 1636      5F7400
 1637              	.LASF44:
 1638 01b6 72617469 		.ascii	"ratio\000"
 1638      6F00
 1639              	.LASF40:
 1640 01bc 67697665 		.ascii	"given_pattern\000"
 1640      6E5F7061 
 1640      74746572 
 1640      6E00
 1641              	.LASF53:
 1642 01ca 474E5520 		.ascii	"GNU C11 5.4.1 20160609 (release) [ARM/embedded-5-br"
 1642      43313120 
 1642      352E342E 
 1642      31203230 
 1642      31363036 
 1643 01fd 616E6368 		.ascii	"anch revision 237715] -mcpu=cortex-m3 -mthumb -g -O"
 1643      20726576 
 1643      6973696F 
 1643      6E203233 
 1643      37373135 
 1644 0230 67202D66 		.ascii	"g -ffunction-sections -ffat-lto-objects\000"
 1644      66756E63 
 1644      74696F6E 
 1644      2D736563 
 1644      74696F6E 
 1645              	.LASF11:
 1646 0258 696E7433 		.ascii	"int32_t\000"
 1646      325F7400 
 1647              	.LASF16:
 1648 0260 73697A65 		.ascii	"sizetype\000"
 1648      74797065 
 1648      00
ARM GAS  C:\Users\daani\AppData\Local\Temp\cc8KOQYo.s 			page 35


 1649              	.LASF27:
 1650 0269 70617474 		.ascii	"pattern\000"
 1650      65726E00 
 1651              	.LASF7:
 1652 0271 6C6F6E67 		.ascii	"long long int\000"
 1652      206C6F6E 
 1652      6720696E 
 1652      7400
 1653              	.LASF54:
 1654 027f 6D61696E 		.ascii	"main.c\000"
 1654      2E6300
 1655              	.LASF14:
 1656 0286 63686172 		.ascii	"char\000"
 1656      00
 1657              	.LASF32:
 1658 028b 5069636B 		.ascii	"Pick_Up_Puck\000"
 1658      5F55705F 
 1658      5075636B 
 1658      00
 1659              	.LASF31:
 1660 0298 4261636B 		.ascii	"Backtrack\000"
 1660      74726163 
 1660      6B00
 1661              	.LASF49:
 1662 02a2 4D6F7665 		.ascii	"MoveStraight\000"
 1662      53747261 
 1662      69676874 
 1662      00
 1663              	.LASF3:
 1664 02af 73686F72 		.ascii	"short int\000"
 1664      7420696E 
 1664      7400
 1665              	.LASF43:
 1666 02b9 52696768 		.ascii	"RightCount\000"
 1666      74436F75 
 1666      6E7400
 1667              	.LASF50:
 1668 02c4 5475726E 		.ascii	"Turn\000"
 1668      00
 1669              	.LASF52:
 1670 02c9 556C7472 		.ascii	"UltraSonic_L\000"
 1670      61536F6E 
 1670      69635F4C 
 1670      00
 1671              	.LASF15:
 1672 02d6 6C6F6E67 		.ascii	"long double\000"
 1672      20646F75 
 1672      626C6500 
 1673              	.LASF23:
 1674 02e2 7075636B 		.ascii	"pucks_read\000"
 1674      735F7265 
 1674      616400
 1675              	.LASF1:
 1676 02ed 7369676E 		.ascii	"signed char\000"
 1676      65642063 
 1676      68617200 
 1677              	.LASF51:
ARM GAS  C:\Users\daani\AppData\Local\Temp\cc8KOQYo.s 			page 36


 1678 02f9 556C7472 		.ascii	"UltraSonic_R\000"
 1678      61536F6E 
 1678      69635F52 
 1678      00
 1679              	.LASF4:
 1680 0306 73686F72 		.ascii	"short unsigned int\000"
 1680      7420756E 
 1680      7369676E 
 1680      65642069 
 1680      6E7400
 1681              	.LASF37:
 1682 0319 73747269 		.ascii	"string\000"
 1682      6E6700
 1683              		.ident	"GCC: (GNU Tools for ARM Embedded Processors) 5.4.1 20160609 (release) [ARM/embedded-5-bran
