--------------- Build Started: 10/13/2017 18:23:01 Project: Final Code, Configuration: ARM GCC 5.4-2016-q2-update Debug ---------------
The code generation step is up to date.
arm-none-eabi-gcc.exe -mcpu=cortex-m3 -mthumb -I. -IGenerated_Source\PSoC5 -Wa,-alh=.\CortexM3\ARM_GCC_541\Debug/main.lst -g -D DEBUG -D CY_CORE_ID=0 -Wall -ffunction-sections -ffat-lto-objects -Og -c main.c -o .\CortexM3\ARM_GCC_541\Debug\main.o
main.c: In function 'pattern':
main.c:84:9: warning: variable 'ayus' set but not used [-Wunused-but-set-variable]
     int ayus[5];
         ^
main.c: In function 'main':
main.c:127:10: warning: unused variable 'skrrt' [-Wunused-variable]
     char skrrt[30];
          ^
main.c: In function 'Read_Order':
main.c:308:12: warning: function returns address of local variable [-Wreturn-local-addr]
     return pattern;
            ^
main.c: In function 'Line_Up_Puck':
main.c:326:9: warning: unused variable 'correct_puck' [-Wunused-variable]
     int correct_puck = 0;
         ^
arm-none-eabi-ar.exe -rs ".\CortexM3\ARM_GCC_541\Debug\Final Code.a" .\CortexM3\ARM_GCC_541\Debug\Clock_1.o .\CortexM3\ARM_GCC_541\Debug\TIA.o .\CortexM3\ARM_GCC_541\Debug\TIA_PM.o .\CortexM3\ARM_GCC_541\Debug\IDAC8.o .\CortexM3\ARM_GCC_541\Debug\IDAC8_PM.o .\CortexM3\ARM_GCC_541\Debug\ADC.o .\CortexM3\ARM_GCC_541\Debug\ADC_PM.o .\CortexM3\ARM_GCC_541\Debug\ADC_INT.o .\CortexM3\ARM_GCC_541\Debug\UART.o .\CortexM3\ARM_GCC_541\Debug\UART_PM.o .\CortexM3\ARM_GCC_541\Debug\UART_INT.o .\CortexM3\ARM_GCC_541\Debug\UART_BOOT.o .\CortexM3\ARM_GCC_541\Debug\Flag.o .\CortexM3\ARM_GCC_541\Debug\ADC_Ext_CP_Clk.o .\CortexM3\ARM_GCC_541\Debug\ADC_IRQ.o .\CortexM3\ARM_GCC_541\Debug\ADC_theACLK.o .\CortexM3\ARM_GCC_541\Debug\UART_IntClock.o .\CortexM3\ARM_GCC_541\Debug\CyDmac.o .\CortexM3\ARM_GCC_541\Debug\CyFlash.o .\CortexM3\ARM_GCC_541\Debug\CyLib.o .\CortexM3\ARM_GCC_541\Debug\cyPm.o .\CortexM3\ARM_GCC_541\Debug\CySpc.o .\CortexM3\ARM_GCC_541\Debug\cyutils.o .\CortexM3\ARM_GCC_541\Debug\Reset.o .\CortexM3\ARM_GCC_541\Debug\LED.o .\CortexM3\ARM_GCC_541\Debug\Buzzer.o .\CortexM3\ARM_GCC_541\Debug\Phase_RB.o .\CortexM3\ARM_GCC_541\Debug\Phase_RA.o .\CortexM3\ARM_GCC_541\Debug\QuadDec_Right.o .\CortexM3\ARM_GCC_541\Debug\QuadDec_Right_INT.o .\CortexM3\ARM_GCC_541\Debug\QuadDec_Right_PM.o .\CortexM3\ARM_GCC_541\Debug\Phase_LB.o .\CortexM3\ARM_GCC_541\Debug\Phase_LA.o .\CortexM3\ARM_GCC_541\Debug\QuadDec_Left.o .\CortexM3\ARM_GCC_541\Debug\QuadDec_Left_INT.o .\CortexM3\ARM_GCC_541\Debug\QuadDec_Left_PM.o .\CortexM3\ARM_GCC_541\Debug\M2_Forward.o .\CortexM3\ARM_GCC_541\Debug\M2_Backward.o .\CortexM3\ARM_GCC_541\Debug\M1_Forward.o .\CortexM3\ARM_GCC_541\Debug\M1_Backward.o .\CortexM3\ARM_GCC_541\Debug\PWM_M1.o .\CortexM3\ARM_GCC_541\Debug\PWM_M1_PM.o .\CortexM3\ARM_GCC_541\Debug\isr_L.o .\CortexM3\ARM_GCC_541\Debug\Echo_L.o .\CortexM3\ARM_GCC_541\Debug\Trigger_L.o .\CortexM3\ARM_GCC_541\Debug\isr_F2.o .\CortexM3\ARM_GCC_541\Debug\Echo_F2.o .\CortexM3\ARM_GCC_541\Debug\Trigger_F2.o .\CortexM3\ARM_GCC_541\Debug\isr_F1.o .\CortexM3\ARM_GCC_541\Debug\Echo_F1.o .\CortexM3\ARM_GCC_541\Debug\Trigger_F1.o .\CortexM3\ARM_GCC_541\Debug\Grip_Servo.o .\CortexM3\ARM_GCC_541\Debug\Clock_PWM.o .\CortexM3\ARM_GCC_541\Debug\PWM_Grip.o .\CortexM3\ARM_GCC_541\Debug\PWM_Grip_PM.o .\CortexM3\ARM_GCC_541\Debug\LED_Blue.o .\CortexM3\ARM_GCC_541\Debug\LED_Green.o .\CortexM3\ARM_GCC_541\Debug\LED_Red.o .\CortexM3\ARM_GCC_541\Debug\PDiode.o .\CortexM3\ARM_GCC_541\Debug\M2_Direction.o .\CortexM3\ARM_GCC_541\Debug\M2_Direction_PM.o .\CortexM3\ARM_GCC_541\Debug\M1_Direction.o .\CortexM3\ARM_GCC_541\Debug\M1_Direction_PM.o .\CortexM3\ARM_GCC_541\Debug\PWM_M2.o .\CortexM3\ARM_GCC_541\Debug\PWM_M2_PM.o .\CortexM3\ARM_GCC_541\Debug\Trigger_R.o .\CortexM3\ARM_GCC_541\Debug\Echo_R.o .\CortexM3\ARM_GCC_541\Debug\isr_R.o .\CortexM3\ARM_GCC_541\Debug\Left_bumper.o .\CortexM3\ARM_GCC_541\Debug\Right_bumper.o .\CortexM3\ARM_GCC_541\Debug\Clock_ultrasonic.o .\CortexM3\ARM_GCC_541\Debug\Timer_ULTRASONIC_F2.o .\CortexM3\ARM_GCC_541\Debug\Timer_ULTRASONIC_F2_PM.o .\CortexM3\ARM_GCC_541\Debug\Timer_ULTRASONIC_F1.o .\CortexM3\ARM_GCC_541\Debug\Timer_ULTRASONIC_F1_PM.o .\CortexM3\ARM_GCC_541\Debug\Timer_ULTRASONIC_L.o .\CortexM3\ARM_GCC_541\Debug\Timer_ULTRASONIC_L_PM.o .\CortexM3\ARM_GCC_541\Debug\Timer_ULTRASONIC_R.o .\CortexM3\ARM_GCC_541\Debug\Timer_ULTRASONIC_R_PM.o .\CortexM3\ARM_GCC_541\Debug\PWM_Lift.o .\CortexM3\ARM_GCC_541\Debug\PWM_Lift_PM.o .\CortexM3\ARM_GCC_541\Debug\Lift_Servo.o .\CortexM3\ARM_GCC_541\Debug\QuadDec_Right_isr.o .\CortexM3\ARM_GCC_541\Debug\QuadDec_Right_Cnt16.o .\CortexM3\ARM_GCC_541\Debug\QuadDec_Right_Cnt16_PM.o .\CortexM3\ARM_GCC_541\Debug\QuadDec_Left_isr.o .\CortexM3\ARM_GCC_541\Debug\QuadDec_Left_Cnt16.o .\CortexM3\ARM_GCC_541\Debug\QuadDec_Left_Cnt16_PM.o .\CortexM3\ARM_GCC_541\Debug\CyBootAsmGnu.o
arm-none-eabi-ar.exe: creating .\CortexM3\ARM_GCC_541\Debug\Final Code.a
arm-none-eabi-gcc.exe -Wl,--start-group -o "C:\Users\Daanish Bootcamp\Documents\PSoC Creator\PSoC Design\ECE3091\Final Code.cydsn\CortexM3\ARM_GCC_541\Debug\Final Code.elf" .\CortexM3\ARM_GCC_541\Debug\main.o .\CortexM3\ARM_GCC_541\Debug\wheels.o .\CortexM3\ARM_GCC_541\Debug\colour.o .\CortexM3\ARM_GCC_541\Debug\cyfitter_cfg.o .\CortexM3\ARM_GCC_541\Debug\cymetadata.o .\CortexM3\ARM_GCC_541\Debug\Cm3Start.o ".\CortexM3\ARM_GCC_541\Debug\Final Code.a" "C:\Program Files (x86)\Cypress\PSoC Creator\4.1\PSoC Creator\psoc\content\cycomponentlibrary\CyComponentLibrary.cylib\CortexM3\ARM_GCC_541\Debug\CyComponentLibrary.a" -mcpu=cortex-m3 -mthumb -L Generated_Source\PSoC5 "-Wl,-Map,.\CortexM3\ARM_GCC_541\Debug/Final Code.map" -T Generated_Source\PSoC5\cm3gcc.ld -specs=nano.specs -Wl,--gc-sections -g -ffunction-sections -Og -ffat-lto-objects -Wl,--end-group
cyelftool.exe -C "C:\Users\Daanish Bootcamp\Documents\PSoC Creator\PSoC Design\ECE3091\Final Code.cydsn\CortexM3\ARM_GCC_541\Debug\Final Code.elf" --flash_row_size 256 --flash_size 262144 --flash_offset 0x00000000
cyelftool.exe -S "C:\Users\Daanish Bootcamp\Documents\PSoC Creator\PSoC Design\ECE3091\Final Code.cydsn\CortexM3\ARM_GCC_541\Debug\Final Code.elf"
Flash used: 8016 of 262144 bytes (3.1 %).
SRAM used: 2769 of 65536 bytes (4.2 %). Stack: 2048 bytes. Heap: 128 bytes.
--------------- Build Succeeded: 10/13/2017 18:23:03 ---------------
